<?xml version="1.0" encoding="UTF-8"?>
<robot generator="Robot 4.1.3 (Python 3.10.2 on win32)" generated="20230710 10:58:53.563" rpa="false" schemaversion="2">
<suite id="s1" name="Suites">
<suite id="s1-s1" name="P01 SA 05 Tests" source="C:\Users\edis\Desktop\New_IMB_Project\Performance\P01_SA_05_Tests.robot">
<test id="s1-s1-t1" name="TC_TO01_suiteA">
<kw name="Open Browser" library="SeleniumLibrary">
<arg>${URL}</arg>
<arg>${BROWSER}</arg>
<doc>Opens a new browser instance to the optional ``url``.</doc>
<msg timestamp="20230710 10:58:54.235" level="INFO">Opening browser 'chrome' to base url 'https://www.imbus.de/en/'.</msg>
<status status="PASS" starttime="20230710 10:58:54.234" endtime="20230710 10:58:58.627"/>
</kw>
<kw name="Maximize Browser Window" library="SeleniumLibrary">
<doc>Maximizes current browser window.</doc>
<status status="PASS" starttime="20230710 10:58:58.628" endtime="20230710 10:58:58.796"/>
</kw>
<kw name="Allow All Cookies" library="common">
<doc>This keyword is to accept all Cookies</doc>
<kw name="Wait Until Page Contains Element" library="SeleniumLibrary">
<arg>${BTN_ALLOW_ALL COOKIES}</arg>
<doc>Waits until the element ``locator`` appears on the current page.</doc>
<status status="PASS" starttime="20230710 10:58:58.797" endtime="20230710 10:58:59.031"/>
</kw>
<kw name="Click Element" library="SeleniumLibrary">
<arg>${BTN_ALLOW_ALL COOKIES}</arg>
<doc>Click the element identified by ``locator``.</doc>
<msg timestamp="20230710 10:58:59.032" level="INFO">Clicking element '//a[contains(text(), 'allow all cookies')]'.</msg>
<status status="PASS" starttime="20230710 10:58:59.031" endtime="20230710 10:58:59.642"/>
</kw>
<status status="PASS" starttime="20230710 10:58:58.796" endtime="20230710 10:58:59.642"/>
</kw>
<kw name="Navigate To Software Testing" library="common_Navigate">
<doc>This keyword is to navigate to Software Testing</doc>
<kw name="Mouse Over" library="SeleniumLibrary">
<arg>${LINK_SOFTWARE_TESTING}</arg>
<doc>Simulates hovering the mouse over the element ``locator``.</doc>
<msg timestamp="20230710 10:58:59.644" level="INFO">Simulating Mouse Over on element '(//a[contains(@title, 'Software Testing')])[1]'.</msg>
<status status="PASS" starttime="20230710 10:58:59.643" endtime="20230710 10:59:00.109"/>
</kw>
<status status="PASS" starttime="20230710 10:58:59.643" endtime="20230710 10:59:00.110"/>
</kw>
<kw name="Navigate To Test Automation [Software Testing]" library="common_Navigate">
<doc>This keyword is to navigate to Test Automation</doc>
<kw name="Mouse Over" library="SeleniumLibrary">
<arg>${LINK_TEST_AUTOMATION}</arg>
<doc>Simulates hovering the mouse over the element ``locator``.</doc>
<msg timestamp="20230710 10:59:00.112" level="INFO">Simulating Mouse Over on element '(//a[contains(text(), 'Test Automation')])[1]'.</msg>
<status status="PASS" starttime="20230710 10:59:00.111" endtime="20230710 10:59:00.412"/>
</kw>
<status status="PASS" starttime="20230710 10:59:00.110" endtime="20230710 10:59:00.412"/>
</kw>
<kw name="Navigate To Test Automation With Robot Framework [Test Automation]" library="common_Navigate">
<doc>This keyword is to navigate to Test Automation With Robot Framework</doc>
<kw name="Click Element" library="SeleniumLibrary">
<arg>${LINK_TEST_AUTOMATION_WITH_RBFW}</arg>
<doc>Click the element identified by ``locator``.</doc>
<msg timestamp="20230710 10:59:00.413" level="INFO">Clicking element '//a[contains(text(), 'Testautomation with Robot Framework')]'.</msg>
<status status="PASS" starttime="20230710 10:59:00.413" endtime="20230710 10:59:01.223"/>
</kw>
<status status="PASS" starttime="20230710 10:59:00.412" endtime="20230710 10:59:01.223"/>
</kw>
<kw name="Navigate To Robot Framework" library="common_Navigate">
<doc>This keyword is to navigate to Robot Framework</doc>
<kw name="Wait Until Keyword Succeeds" library="BuiltIn">
<arg>5x</arg>
<arg>2s</arg>
<arg>Scroll Element Into View</arg>
<arg>${LINK_ROBOT_FRAMEWORK}</arg>
<doc>Runs the specified keyword and retries if it fails.</doc>
<kw name="Scroll Element Into View" library="SeleniumLibrary">
<arg>${LINK_ROBOT_FRAMEWORK}</arg>
<doc>Scrolls the element identified by ``locator`` into view.</doc>
<status status="PASS" starttime="20230710 10:59:01.226" endtime="20230710 10:59:01.522"/>
</kw>
<status status="PASS" starttime="20230710 10:59:01.225" endtime="20230710 10:59:01.522"/>
</kw>
<kw name="Click Element" library="SeleniumLibrary">
<arg>${LINK_ROBOT_FRAMEWORK}</arg>
<doc>Click the element identified by ``locator``.</doc>
<msg timestamp="20230710 10:59:01.524" level="INFO">Clicking element '//img[contains(@src,'Robot-framework')]'.</msg>
<status status="PASS" starttime="20230710 10:59:01.523" endtime="20230710 10:59:04.317"/>
</kw>
<status status="PASS" starttime="20230710 10:59:01.224" endtime="20230710 10:59:04.318"/>
</kw>
<kw name="Run Robot Framework Scripts" library="common">
<doc>This keyword is to Run Robot Framework Scripts</doc>
<kw name="Wait Until Keyword Succeeds" library="BuiltIn">
<arg>5x</arg>
<arg>2s</arg>
<arg>Scroll Element Into View</arg>
<arg>${BTN_RUN}</arg>
<doc>Runs the specified keyword and retries if it fails.</doc>
<kw name="Scroll Element Into View" library="SeleniumLibrary">
<arg>${BTN_RUN}</arg>
<doc>Scrolls the element identified by ``locator`` into view.</doc>
<msg timestamp="20230710 10:59:04.809" level="INFO" html="true">&lt;/td&gt;&lt;/tr&gt;&lt;tr&gt;&lt;td colspan="3"&gt;&lt;a href="selenium-screenshot-1.png"&gt;&lt;img src="selenium-screenshot-1.png" width="800px"&gt;&lt;/a&gt;</msg>
<msg timestamp="20230710 10:59:04.815" level="FAIL">Element with locator '//button[contains(@class, 'theme flex middle bling')]' not found.</msg>
<status status="FAIL" starttime="20230710 10:59:04.320" endtime="20230710 10:59:04.815"/>
</kw>
<kw name="Scroll Element Into View" library="SeleniumLibrary">
<arg>${BTN_RUN}</arg>
<doc>Scrolls the element identified by ``locator`` into view.</doc>
<status status="PASS" starttime="20230710 10:59:06.820" endtime="20230710 10:59:07.142"/>
</kw>
<status status="PASS" starttime="20230710 10:59:04.319" endtime="20230710 10:59:07.142"/>
</kw>
<kw name="Click Button" library="SeleniumLibrary">
<arg>${BTN_RUN}</arg>
<doc>Clicks the button identified by ``locator``.</doc>
<msg timestamp="20230710 10:59:07.144" level="INFO">Clicking button '//button[contains(@class, 'theme flex middle bling')]'.</msg>
<status status="PASS" starttime="20230710 10:59:07.143" endtime="20230710 10:59:07.274"/>
</kw>
<kw name="Wait Until Page Contains Element" library="SeleniumLibrary">
<arg>${BTN_NEXT_2_EXAMPLE}</arg>
<arg>60</arg>
<doc>Waits until the element ``locator`` appears on the current page.</doc>
<status status="PASS" starttime="20230710 10:59:07.275" endtime="20230710 10:59:18.847"/>
</kw>
<kw name="Click Button" library="SeleniumLibrary">
<arg>${BTN_NEXT_2_EXAMPLE}</arg>
<doc>Clicks the button identified by ``locator``.</doc>
<msg timestamp="20230710 10:59:18.849" level="INFO">Clicking button '//button[contains(text(), ' next: Simple Example 2')]'.</msg>
<status status="PASS" starttime="20230710 10:59:18.848" endtime="20230710 10:59:18.982"/>
</kw>
<kw name="Wait Until Keyword Succeeds" library="BuiltIn">
<arg>5x</arg>
<arg>2s</arg>
<arg>Scroll Element Into View</arg>
<arg>${TITLE_ROLL-OUT}</arg>
<doc>Runs the specified keyword and retries if it fails.</doc>
<kw name="Scroll Element Into View" library="SeleniumLibrary">
<arg>${TITLE_ROLL-OUT}</arg>
<doc>Scrolls the element identified by ``locator`` into view.</doc>
<msg timestamp="20230710 10:59:19.376" level="INFO" html="true">&lt;/td&gt;&lt;/tr&gt;&lt;tr&gt;&lt;td colspan="3"&gt;&lt;a href="selenium-screenshot-2.png"&gt;&lt;img src="selenium-screenshot-2.png" width="800px"&gt;&lt;/a&gt;</msg>
<msg timestamp="20230710 10:59:19.378" level="FAIL">Element with locator '//button//div[contains(text(), 'Run')]' not found.</msg>
<status status="FAIL" starttime="20230710 10:59:18.983" endtime="20230710 10:59:19.378"/>
</kw>
<kw name="Scroll Element Into View" library="SeleniumLibrary">
<arg>${TITLE_ROLL-OUT}</arg>
<doc>Scrolls the element identified by ``locator`` into view.</doc>
<status status="PASS" starttime="20230710 10:59:21.396" endtime="20230710 10:59:21.748"/>
</kw>
<status status="PASS" starttime="20230710 10:59:18.982" endtime="20230710 10:59:21.748"/>
</kw>
<kw name="Click Button" library="SeleniumLibrary">
<arg>${BTN_RUN}</arg>
<doc>Clicks the button identified by ``locator``.</doc>
<msg timestamp="20230710 10:59:21.750" level="INFO">Clicking button '//button[contains(@class, 'theme flex middle bling')]'.</msg>
<status status="PASS" starttime="20230710 10:59:21.749" endtime="20230710 10:59:21.886"/>
</kw>
<kw name="Wait Until Page Contains Element" library="SeleniumLibrary">
<arg>${BTN_ADVANCED_EXAMPLE}</arg>
<arg>120</arg>
<doc>Waits until the element ``locator`` appears on the current page.</doc>
<status status="PASS" starttime="20230710 10:59:21.887" endtime="20230710 10:59:26.186"/>
</kw>
<kw name="Click Button" library="SeleniumLibrary">
<arg>${BTN_ADVANCED_EXAMPLE}</arg>
<doc>Clicks the button identified by ``locator``.</doc>
<msg timestamp="20230710 10:59:26.187" level="INFO">Clicking button '//button[contains(text(), ' next: Advanced Example')]'.</msg>
<status status="PASS" starttime="20230710 10:59:26.187" endtime="20230710 10:59:26.287"/>
</kw>
<kw name="Wait Until Page Contains Element" library="SeleniumLibrary">
<arg>${BTN_RUN}</arg>
<doc>Waits until the element ``locator`` appears on the current page.</doc>
<status status="PASS" starttime="20230710 10:59:26.288" endtime="20230710 10:59:26.569"/>
</kw>
<kw name="Click Button" library="SeleniumLibrary">
<arg>${BTN_RUN}</arg>
<doc>Clicks the button identified by ``locator``.</doc>
<msg timestamp="20230710 10:59:26.570" level="INFO">Clicking button '//button[contains(@class, 'theme flex middle bling')]'.</msg>
<status status="PASS" starttime="20230710 10:59:26.570" endtime="20230710 10:59:26.776"/>
</kw>
<kw name="Wait Until Element Is Visible" library="SeleniumLibrary">
<arg>${BTN_NEXT_BDD_EXAMPLE}</arg>
<doc>Waits until the element ``locator`` is visible.</doc>
<status status="PASS" starttime="20230710 10:59:26.776" endtime="20230710 10:59:29.908"/>
</kw>
<status status="PASS" starttime="20230710 10:59:04.318" endtime="20230710 10:59:29.908"/>
</kw>
<kw name="Close Browser" library="SeleniumLibrary" type="TEARDOWN">
<doc>Closes the current browser.</doc>
<status status="PASS" starttime="20230710 10:59:29.909" endtime="20230710 10:59:32.207"/>
</kw>
<doc>This Test Case is to Check And Run Robot Framework Scripts</doc>
<tag>tc_to01_a</tag>
<status status="PASS" starttime="20230710 10:58:54.233" endtime="20230710 10:59:32.208"/>
</test>
<doc>...</doc>
<status status="PASS" starttime="20230710 10:58:53.656" endtime="20230710 10:59:32.211"/>
</suite>
<status status="PASS" starttime="20230710 10:58:53.585" endtime="20230710 10:59:32.218"/>
</suite>
<statistics>
<total>
<stat pass="1" fail="0" skip="0">All Tests</stat>
</total>
<tag>
<stat pass="1" fail="0" skip="0">tc_to01_a</stat>
</tag>
<suite>
<stat pass="1" fail="0" skip="0" id="s1" name="Suites">Suites</stat>
<stat pass="1" fail="0" skip="0" id="s1-s1" name="P01 SA 05 Tests">Suites.P01 SA 05 Tests</stat>
</suite>
</statistics>
<errors>
<msg timestamp="20230710 10:58:54.225" level="ERROR">Error in file 'C:\Users\edis\Desktop\New_IMB_Project\Resources\common.resource' on line 9: Invalid resource file extension '.py'. Supported extensions are '.resource', '.robot', '.txt', '.tsv', '.rst' and '.rest'.</msg>
</errors>
</robot>
