<?xml version="1.0" encoding="UTF-8"?>
<robot generator="Robot 4.1.3 (Python 3.10.2 on win32)" generated="20230703 09:40:38.855" rpa="false" schemaversion="2">
<suite id="s1" name="suiteA" source="c:\Users\edis\Desktop\New_IMB_Project\TestCases\suiteA.robot">
<test id="s1-t1" name="TC_TO02_suiteA">
<kw name="Open Browser" library="SeleniumLibrary">
<arg>${URL}</arg>
<arg>${BROWSER}</arg>
<doc>Opens a new browser instance to the optional ``url``.</doc>
<msg timestamp="20230703 09:40:39.222" level="INFO">Opening browser 'chrome' to base url 'https://www.imbus.de/en/'.</msg>
<status status="PASS" starttime="20230703 09:40:39.221" endtime="20230703 09:40:42.095"/>
</kw>
<kw name="Maximize Browser Window" library="SeleniumLibrary">
<doc>Maximizes current browser window.</doc>
<status status="PASS" starttime="20230703 09:40:42.099" endtime="20230703 09:40:42.243"/>
</kw>
<kw name="Allow All Cookies" library="common">
<doc>This keyword is to accept all Cookies</doc>
<kw name="Wait Until Page Contains Element" library="SeleniumLibrary">
<arg>${BTN_ALLOW_ALL COOKIES}</arg>
<doc>Waits until the element ``locator`` appears on the current page.</doc>
<status status="PASS" starttime="20230703 09:40:42.249" endtime="20230703 09:40:42.432"/>
</kw>
<kw name="Click Element" library="SeleniumLibrary">
<arg>${BTN_ALLOW_ALL COOKIES}</arg>
<doc>Click the element identified by ``locator``.</doc>
<msg timestamp="20230703 09:40:42.434" level="INFO">Clicking element '//a[contains(text(), 'allow all cookies')]'.</msg>
<status status="PASS" starttime="20230703 09:40:42.433" endtime="20230703 09:40:43.050"/>
</kw>
<status status="PASS" starttime="20230703 09:40:42.248" endtime="20230703 09:40:43.051"/>
</kw>
<kw name="Navigate To Software Testing" library="common_Navigate">
<doc>This keyword is to navigate to Software Testing</doc>
<kw name="Mouse Over" library="SeleniumLibrary">
<arg>${LINK_SOFTWARE_TESTING}</arg>
<doc>Simulates hovering the mouse over the element ``locator``.</doc>
<msg timestamp="20230703 09:40:43.054" level="INFO">Simulating Mouse Over on element '(//a[contains(@title, 'Software Testing')])[1]'.</msg>
<status status="PASS" starttime="20230703 09:40:43.054" endtime="20230703 09:40:43.431"/>
</kw>
<status status="PASS" starttime="20230703 09:40:43.053" endtime="20230703 09:40:43.432"/>
</kw>
<kw name="Navigate To Test Automation [Software Testing]" library="common_Navigate">
<doc>This keyword is to navigate to Test Automation</doc>
<kw name="Mouse Over" library="SeleniumLibrary">
<arg>${LINK_TEST_AUTOMATION}</arg>
<doc>Simulates hovering the mouse over the element ``locator``.</doc>
<msg timestamp="20230703 09:40:43.435" level="INFO">Simulating Mouse Over on element '(//a[contains(text(), 'Test Automation')])[1]'.</msg>
<status status="PASS" starttime="20230703 09:40:43.434" endtime="20230703 09:40:43.733"/>
</kw>
<status status="PASS" starttime="20230703 09:40:43.433" endtime="20230703 09:40:43.733"/>
</kw>
<kw name="Navigate To Test Automation Strategy [Test Automation]" library="common_Navigate">
<doc>This keyword is to navigate to Test Automation Strategy</doc>
<kw name="Click Element" library="SeleniumLibrary">
<arg>${LINK_TEST-AUTOMATION-STRATEGY}</arg>
<doc>Click the element identified by ``locator``.</doc>
<msg timestamp="20230703 09:40:43.737" level="INFO">Clicking element '//a[contains(text(), 'Test and automation strategy')]'.</msg>
<status status="PASS" starttime="20230703 09:40:43.736" endtime="20230703 09:40:44.421"/>
</kw>
<status status="PASS" starttime="20230703 09:40:43.735" endtime="20230703 09:40:44.422"/>
</kw>
<kw name="Check Roll-Out Title" library="common">
<doc>This keyword is to Check Roll Out Title</doc>
<kw name="Wait Until Keyword Succeeds" library="BuiltIn">
<arg>5x</arg>
<arg>2s</arg>
<arg>Scroll Element Into View</arg>
<arg>${TITLE_ROLL-OUT}</arg>
<doc>Runs the specified keyword and retries if it fails.</doc>
<kw name="Scroll Element Into View" library="SeleniumLibrary">
<arg>${TITLE_ROLL-OUT}</arg>
<doc>Scrolls the element identified by ``locator`` into view.</doc>
<status status="PASS" starttime="20230703 09:40:44.432" endtime="20230703 09:40:44.832"/>
</kw>
<status status="PASS" starttime="20230703 09:40:44.431" endtime="20230703 09:40:44.832"/>
</kw>
<kw name="Wait Until Page Contains Element" library="SeleniumLibrary">
<arg>${TITLE_ROLL-OUT}</arg>
<doc>Waits until the element ``locator`` appears on the current page.</doc>
<status status="PASS" starttime="20230703 09:40:44.833" endtime="20230703 09:40:44.852"/>
</kw>
<status status="PASS" starttime="20230703 09:40:44.430" endtime="20230703 09:40:44.853"/>
</kw>
<kw name="Navigate To Top Page" library="common_Navigate">
<doc>This keyword is navigate to the top of the page</doc>
<kw name="Wait Until Page Contains Element" library="SeleniumLibrary">
<arg>${LINK_NAVIGATION_TO-TOP}</arg>
<doc>Waits until the element ``locator`` appears on the current page.</doc>
<status status="PASS" starttime="20230703 09:40:44.854" endtime="20230703 09:40:44.882"/>
</kw>
<kw name="Click Element" library="SeleniumLibrary">
<arg>${LINK_NAVIGATION_TO-TOP}</arg>
<doc>Click the element identified by ``locator``.</doc>
<msg timestamp="20230703 09:40:44.883" level="INFO">Clicking element '//a[contains(@id, 'toTop')]'.</msg>
<status status="PASS" starttime="20230703 09:40:44.883" endtime="20230703 09:40:44.959"/>
</kw>
<status status="PASS" starttime="20230703 09:40:44.853" endtime="20230703 09:40:44.959"/>
</kw>
<kw name="Check Test Automation Strategy Title" library="common">
<kw name="Wait Until Element Is Visible" library="SeleniumLibrary">
<arg>${TITLE_TEST&amp;AUTOMATION-STRATEGY}</arg>
<doc>Waits until the element ``locator`` is visible.</doc>
<status status="PASS" starttime="20230703 09:40:44.962" endtime="20230703 09:40:45.005"/>
</kw>
<status status="PASS" starttime="20230703 09:40:44.961" endtime="20230703 09:40:45.005"/>
</kw>
<kw name="Close Browser" library="SeleniumLibrary" type="TEARDOWN">
<doc>Closes the current browser.</doc>
<status status="PASS" starttime="20230703 09:40:45.006" endtime="20230703 09:40:47.275"/>
</kw>
<doc>This Test Case is to Check And Run Robot Framework Scripts</doc>
<tag>TC_TO02_A</tag>
<status status="PASS" starttime="20230703 09:40:39.220" endtime="20230703 09:40:47.278"/>
</test>
<status status="PASS" starttime="20230703 09:40:38.863" endtime="20230703 09:40:47.282"/>
</suite>
<statistics>
<total>
<stat pass="1" fail="0" skip="0">All Tests</stat>
</total>
<tag>
<stat pass="1" fail="0" skip="0">TC_TO02_A</stat>
</tag>
<suite>
<stat pass="1" fail="0" skip="0" id="s1" name="suiteA">suiteA</stat>
</suite>
</statistics>
<errors>
</errors>
</robot>
