<?xml version="1.0" encoding="UTF-8"?>
<robot generator="Rebot 4.1.3 (Python 3.10.2 on win32)" generated="20230710 10:59:32.713" rpa="false" schemaversion="2">
<suite id="s1" name="Suites">
<suite id="s1-s1" name="P01 SA 01 Tests" source="C:\Users\edis\Desktop\New_IMB_Project\Performance\P01_SA_01_Tests.robot">
<test id="s1-s1-t1" name="TC_TO01_suiteA">
<kw name="Open Browser" library="SeleniumLibrary">
<arg>${URL}</arg>
<arg>${BROWSER}</arg>
<doc>Opens a new browser instance to the optional ``url``.</doc>
<msg timestamp="20230710 10:57:55.833" level="INFO">Opening browser 'chrome' to base url 'https://www.imbus.de/en/'.</msg>
<status status="PASS" starttime="20230710 10:57:55.832" endtime="20230710 10:58:03.008"/>
</kw>
<kw name="Maximize Browser Window" library="SeleniumLibrary">
<doc>Maximizes current browser window.</doc>
<status status="PASS" starttime="20230710 10:58:03.008" endtime="20230710 10:58:03.274"/>
</kw>
<kw name="Allow All Cookies" library="common">
<doc>This keyword is to accept all Cookies</doc>
<kw name="Wait Until Page Contains Element" library="SeleniumLibrary">
<arg>${BTN_ALLOW_ALL COOKIES}</arg>
<doc>Waits until the element ``locator`` appears on the current page.</doc>
<status status="PASS" starttime="20230710 10:58:03.276" endtime="20230710 10:58:03.633"/>
</kw>
<kw name="Click Element" library="SeleniumLibrary">
<arg>${BTN_ALLOW_ALL COOKIES}</arg>
<doc>Click the element identified by ``locator``.</doc>
<msg timestamp="20230710 10:58:03.635" level="INFO">Clicking element '//a[contains(text(), 'allow all cookies')]'.</msg>
<status status="PASS" starttime="20230710 10:58:03.634" endtime="20230710 10:58:05.088"/>
</kw>
<status status="PASS" starttime="20230710 10:58:03.275" endtime="20230710 10:58:05.089"/>
</kw>
<kw name="Navigate To Software Testing" library="common_Navigate">
<doc>This keyword is to navigate to Software Testing</doc>
<kw name="Mouse Over" library="SeleniumLibrary">
<arg>${LINK_SOFTWARE_TESTING}</arg>
<doc>Simulates hovering the mouse over the element ``locator``.</doc>
<msg timestamp="20230710 10:58:05.091" level="INFO">Simulating Mouse Over on element '(//a[contains(@title, 'Software Testing')])[1]'.</msg>
<status status="PASS" starttime="20230710 10:58:05.090" endtime="20230710 10:58:06.063"/>
</kw>
<status status="PASS" starttime="20230710 10:58:05.089" endtime="20230710 10:58:06.064"/>
</kw>
<kw name="Navigate To Test Automation [Software Testing]" library="common_Navigate">
<doc>This keyword is to navigate to Test Automation</doc>
<kw name="Mouse Over" library="SeleniumLibrary">
<arg>${LINK_TEST_AUTOMATION}</arg>
<doc>Simulates hovering the mouse over the element ``locator``.</doc>
<msg timestamp="20230710 10:58:06.066" level="INFO">Simulating Mouse Over on element '(//a[contains(text(), 'Test Automation')])[1]'.</msg>
<status status="PASS" starttime="20230710 10:58:06.065" endtime="20230710 10:58:06.788"/>
</kw>
<status status="PASS" starttime="20230710 10:58:06.064" endtime="20230710 10:58:06.788"/>
</kw>
<kw name="Navigate To Test Automation With Robot Framework [Test Automation]" library="common_Navigate">
<doc>This keyword is to navigate to Test Automation With Robot Framework</doc>
<kw name="Click Element" library="SeleniumLibrary">
<arg>${LINK_TEST_AUTOMATION_WITH_RBFW}</arg>
<doc>Click the element identified by ``locator``.</doc>
<msg timestamp="20230710 10:58:06.790" level="INFO">Clicking element '//a[contains(text(), 'Testautomation with Robot Framework')]'.</msg>
<status status="PASS" starttime="20230710 10:58:06.789" endtime="20230710 10:58:07.878"/>
</kw>
<status status="PASS" starttime="20230710 10:58:06.789" endtime="20230710 10:58:07.879"/>
</kw>
<kw name="Navigate To Robot Framework" library="common_Navigate">
<doc>This keyword is to navigate to Robot Framework</doc>
<kw name="Wait Until Keyword Succeeds" library="BuiltIn">
<arg>5x</arg>
<arg>2s</arg>
<arg>Scroll Element Into View</arg>
<arg>${LINK_ROBOT_FRAMEWORK}</arg>
<doc>Runs the specified keyword and retries if it fails.</doc>
<kw name="Scroll Element Into View" library="SeleniumLibrary">
<arg>${LINK_ROBOT_FRAMEWORK}</arg>
<doc>Scrolls the element identified by ``locator`` into view.</doc>
<status status="PASS" starttime="20230710 10:58:07.881" endtime="20230710 10:58:08.224"/>
</kw>
<status status="PASS" starttime="20230710 10:58:07.880" endtime="20230710 10:58:08.224"/>
</kw>
<kw name="Click Element" library="SeleniumLibrary">
<arg>${LINK_ROBOT_FRAMEWORK}</arg>
<doc>Click the element identified by ``locator``.</doc>
<msg timestamp="20230710 10:58:08.226" level="INFO">Clicking element '//img[contains(@src,'Robot-framework')]'.</msg>
<status status="PASS" starttime="20230710 10:58:08.225" endtime="20230710 10:58:12.298"/>
</kw>
<status status="PASS" starttime="20230710 10:58:07.879" endtime="20230710 10:58:12.299"/>
</kw>
<kw name="Run Robot Framework Scripts" library="common">
<doc>This keyword is to Run Robot Framework Scripts</doc>
<kw name="Wait Until Keyword Succeeds" library="BuiltIn">
<arg>5x</arg>
<arg>2s</arg>
<arg>Scroll Element Into View</arg>
<arg>${BTN_RUN}</arg>
<doc>Runs the specified keyword and retries if it fails.</doc>
<kw name="Scroll Element Into View" library="SeleniumLibrary">
<arg>${BTN_RUN}</arg>
<doc>Scrolls the element identified by ``locator`` into view.</doc>
<msg timestamp="20230710 10:58:12.977" level="INFO" html="true">&lt;/td&gt;&lt;/tr&gt;&lt;tr&gt;&lt;td colspan="3"&gt;&lt;a href="0-selenium-screenshot-1.png"&gt;&lt;img src="0-selenium-screenshot-1.png" width="800px"&gt;&lt;/a&gt;</msg>
<msg timestamp="20230710 10:58:12.983" level="FAIL">Element with locator '//button[contains(@class, 'theme flex middle bling')]' not found.</msg>
<status status="FAIL" starttime="20230710 10:58:12.302" endtime="20230710 10:58:12.983"/>
</kw>
<kw name="Scroll Element Into View" library="SeleniumLibrary">
<arg>${BTN_RUN}</arg>
<doc>Scrolls the element identified by ``locator`` into view.</doc>
<status status="PASS" starttime="20230710 10:58:15.022" endtime="20230710 10:58:16.505"/>
</kw>
<status status="PASS" starttime="20230710 10:58:12.301" endtime="20230710 10:58:16.506"/>
</kw>
<kw name="Click Button" library="SeleniumLibrary">
<arg>${BTN_RUN}</arg>
<doc>Clicks the button identified by ``locator``.</doc>
<msg timestamp="20230710 10:58:16.509" level="INFO">Clicking button '//button[contains(@class, 'theme flex middle bling')]'.</msg>
<status status="PASS" starttime="20230710 10:58:16.506" endtime="20230710 10:58:16.785"/>
</kw>
<kw name="Wait Until Page Contains Element" library="SeleniumLibrary">
<arg>${BTN_NEXT_2_EXAMPLE}</arg>
<arg>60</arg>
<doc>Waits until the element ``locator`` appears on the current page.</doc>
<status status="PASS" starttime="20230710 10:58:16.786" endtime="20230710 10:58:31.955"/>
</kw>
<kw name="Click Button" library="SeleniumLibrary">
<arg>${BTN_NEXT_2_EXAMPLE}</arg>
<doc>Clicks the button identified by ``locator``.</doc>
<msg timestamp="20230710 10:58:31.956" level="INFO">Clicking button '//button[contains(text(), ' next: Simple Example 2')]'.</msg>
<status status="PASS" starttime="20230710 10:58:31.955" endtime="20230710 10:58:32.080"/>
</kw>
<kw name="Wait Until Keyword Succeeds" library="BuiltIn">
<arg>5x</arg>
<arg>2s</arg>
<arg>Scroll Element Into View</arg>
<arg>${TITLE_ROLL-OUT}</arg>
<doc>Runs the specified keyword and retries if it fails.</doc>
<kw name="Scroll Element Into View" library="SeleniumLibrary">
<arg>${TITLE_ROLL-OUT}</arg>
<doc>Scrolls the element identified by ``locator`` into view.</doc>
<msg timestamp="20230710 10:58:32.406" level="INFO" html="true">&lt;/td&gt;&lt;/tr&gt;&lt;tr&gt;&lt;td colspan="3"&gt;&lt;a href="0-selenium-screenshot-2.png"&gt;&lt;img src="0-selenium-screenshot-2.png" width="800px"&gt;&lt;/a&gt;</msg>
<msg timestamp="20230710 10:58:32.410" level="FAIL">Element with locator '//button//div[contains(text(), 'Run')]' not found.</msg>
<status status="FAIL" starttime="20230710 10:58:32.082" endtime="20230710 10:58:32.410"/>
</kw>
<kw name="Scroll Element Into View" library="SeleniumLibrary">
<arg>${TITLE_ROLL-OUT}</arg>
<doc>Scrolls the element identified by ``locator`` into view.</doc>
<status status="PASS" starttime="20230710 10:58:34.412" endtime="20230710 10:58:34.721"/>
</kw>
<status status="PASS" starttime="20230710 10:58:32.081" endtime="20230710 10:58:34.721"/>
</kw>
<kw name="Click Button" library="SeleniumLibrary">
<arg>${BTN_RUN}</arg>
<doc>Clicks the button identified by ``locator``.</doc>
<msg timestamp="20230710 10:58:34.722" level="INFO">Clicking button '//button[contains(@class, 'theme flex middle bling')]'.</msg>
<status status="PASS" starttime="20230710 10:58:34.721" endtime="20230710 10:58:34.870"/>
</kw>
<kw name="Wait Until Page Contains Element" library="SeleniumLibrary">
<arg>${BTN_ADVANCED_EXAMPLE}</arg>
<arg>120</arg>
<doc>Waits until the element ``locator`` appears on the current page.</doc>
<status status="PASS" starttime="20230710 10:58:34.871" endtime="20230710 10:58:40.377"/>
</kw>
<kw name="Click Button" library="SeleniumLibrary">
<arg>${BTN_ADVANCED_EXAMPLE}</arg>
<doc>Clicks the button identified by ``locator``.</doc>
<msg timestamp="20230710 10:58:40.378" level="INFO">Clicking button '//button[contains(text(), ' next: Advanced Example')]'.</msg>
<status status="PASS" starttime="20230710 10:58:40.377" endtime="20230710 10:58:40.544"/>
</kw>
<kw name="Wait Until Page Contains Element" library="SeleniumLibrary">
<arg>${BTN_RUN}</arg>
<doc>Waits until the element ``locator`` appears on the current page.</doc>
<status status="PASS" starttime="20230710 10:58:40.545" endtime="20230710 10:58:41.079"/>
</kw>
<kw name="Click Button" library="SeleniumLibrary">
<arg>${BTN_RUN}</arg>
<doc>Clicks the button identified by ``locator``.</doc>
<msg timestamp="20230710 10:58:41.080" level="INFO">Clicking button '//button[contains(@class, 'theme flex middle bling')]'.</msg>
<status status="PASS" starttime="20230710 10:58:41.079" endtime="20230710 10:58:41.441"/>
</kw>
<kw name="Wait Until Element Is Visible" library="SeleniumLibrary">
<arg>${BTN_NEXT_BDD_EXAMPLE}</arg>
<doc>Waits until the element ``locator`` is visible.</doc>
<msg timestamp="20230710 10:58:47.053" level="INFO" html="true">&lt;/td&gt;&lt;/tr&gt;&lt;tr&gt;&lt;td colspan="3"&gt;&lt;a href="0-selenium-screenshot-3.png"&gt;&lt;img src="0-selenium-screenshot-3.png" width="800px"&gt;&lt;/a&gt;</msg>
<msg timestamp="20230710 10:58:47.056" level="FAIL">Element '//button[contains(text(), ' next: BDD-Example')]' not visible after 5 seconds.</msg>
<status status="FAIL" starttime="20230710 10:58:41.442" endtime="20230710 10:58:47.056"/>
</kw>
<status status="FAIL" starttime="20230710 10:58:12.300" endtime="20230710 10:58:47.058"/>
</kw>
<kw name="Close Browser" library="SeleniumLibrary" type="TEARDOWN">
<doc>Closes the current browser.</doc>
<status status="PASS" starttime="20230710 10:58:47.059" endtime="20230710 10:58:50.429"/>
</kw>
<doc>This Test Case is to Check And Run Robot Framework Scripts</doc>
<tag>tc_to01_a</tag>
<status status="FAIL" starttime="20230710 10:57:55.830" endtime="20230710 10:58:50.429">Element '//button[contains(text(), ' next: BDD-Example')]' not visible after 5 seconds.</status>
</test>
<doc>...</doc>
<status status="FAIL" starttime="20230710 10:57:54.896" endtime="20230710 10:58:50.481"/>
</suite>
<suite id="s1-s2" name="P01 SA 02 Tests" source="C:\Users\edis\Desktop\New_IMB_Project\Performance\P01_SA_02_Tests.robot">
<test id="s1-s2-t1" name="TC_TO01_suiteA">
<kw name="Open Browser" library="SeleniumLibrary">
<arg>${URL}</arg>
<arg>${BROWSER}</arg>
<doc>Opens a new browser instance to the optional ``url``.</doc>
<msg timestamp="20230710 10:57:55.688" level="INFO">Opening browser 'chrome' to base url 'https://www.imbus.de/en/'.</msg>
<status status="PASS" starttime="20230710 10:57:55.688" endtime="20230710 10:58:01.484"/>
</kw>
<kw name="Maximize Browser Window" library="SeleniumLibrary">
<doc>Maximizes current browser window.</doc>
<status status="PASS" starttime="20230710 10:58:01.484" endtime="20230710 10:58:01.967"/>
</kw>
<kw name="Allow All Cookies" library="common">
<doc>This keyword is to accept all Cookies</doc>
<kw name="Wait Until Page Contains Element" library="SeleniumLibrary">
<arg>${BTN_ALLOW_ALL COOKIES}</arg>
<doc>Waits until the element ``locator`` appears on the current page.</doc>
<status status="PASS" starttime="20230710 10:58:01.968" endtime="20230710 10:58:02.469"/>
</kw>
<kw name="Click Element" library="SeleniumLibrary">
<arg>${BTN_ALLOW_ALL COOKIES}</arg>
<doc>Click the element identified by ``locator``.</doc>
<msg timestamp="20230710 10:58:02.471" level="INFO">Clicking element '//a[contains(text(), 'allow all cookies')]'.</msg>
<status status="PASS" starttime="20230710 10:58:02.470" endtime="20230710 10:58:05.138"/>
</kw>
<status status="PASS" starttime="20230710 10:58:01.967" endtime="20230710 10:58:05.138"/>
</kw>
<kw name="Navigate To Software Testing" library="common_Navigate">
<doc>This keyword is to navigate to Software Testing</doc>
<kw name="Mouse Over" library="SeleniumLibrary">
<arg>${LINK_SOFTWARE_TESTING}</arg>
<doc>Simulates hovering the mouse over the element ``locator``.</doc>
<msg timestamp="20230710 10:58:05.141" level="INFO">Simulating Mouse Over on element '(//a[contains(@title, 'Software Testing')])[1]'.</msg>
<status status="PASS" starttime="20230710 10:58:05.140" endtime="20230710 10:58:06.909"/>
</kw>
<status status="PASS" starttime="20230710 10:58:05.139" endtime="20230710 10:58:06.910"/>
</kw>
<kw name="Navigate To Test Automation [Software Testing]" library="common_Navigate">
<doc>This keyword is to navigate to Test Automation</doc>
<kw name="Mouse Over" library="SeleniumLibrary">
<arg>${LINK_TEST_AUTOMATION}</arg>
<doc>Simulates hovering the mouse over the element ``locator``.</doc>
<msg timestamp="20230710 10:58:06.912" level="INFO">Simulating Mouse Over on element '(//a[contains(text(), 'Test Automation')])[1]'.</msg>
<status status="PASS" starttime="20230710 10:58:06.911" endtime="20230710 10:58:07.480"/>
</kw>
<status status="PASS" starttime="20230710 10:58:06.910" endtime="20230710 10:58:07.480"/>
</kw>
<kw name="Navigate To Test Automation With Robot Framework [Test Automation]" library="common_Navigate">
<doc>This keyword is to navigate to Test Automation With Robot Framework</doc>
<kw name="Click Element" library="SeleniumLibrary">
<arg>${LINK_TEST_AUTOMATION_WITH_RBFW}</arg>
<doc>Click the element identified by ``locator``.</doc>
<msg timestamp="20230710 10:58:07.484" level="INFO">Clicking element '//a[contains(text(), 'Testautomation with Robot Framework')]'.</msg>
<status status="PASS" starttime="20230710 10:58:07.482" endtime="20230710 10:58:08.647"/>
</kw>
<status status="PASS" starttime="20230710 10:58:07.481" endtime="20230710 10:58:08.648"/>
</kw>
<kw name="Navigate To Robot Framework" library="common_Navigate">
<doc>This keyword is to navigate to Robot Framework</doc>
<kw name="Wait Until Keyword Succeeds" library="BuiltIn">
<arg>5x</arg>
<arg>2s</arg>
<arg>Scroll Element Into View</arg>
<arg>${LINK_ROBOT_FRAMEWORK}</arg>
<doc>Runs the specified keyword and retries if it fails.</doc>
<kw name="Scroll Element Into View" library="SeleniumLibrary">
<arg>${LINK_ROBOT_FRAMEWORK}</arg>
<doc>Scrolls the element identified by ``locator`` into view.</doc>
<status status="PASS" starttime="20230710 10:58:08.650" endtime="20230710 10:58:09.499"/>
</kw>
<status status="PASS" starttime="20230710 10:58:08.649" endtime="20230710 10:58:09.499"/>
</kw>
<kw name="Click Element" library="SeleniumLibrary">
<arg>${LINK_ROBOT_FRAMEWORK}</arg>
<doc>Click the element identified by ``locator``.</doc>
<msg timestamp="20230710 10:58:09.502" level="INFO">Clicking element '//img[contains(@src,'Robot-framework')]'.</msg>
<status status="PASS" starttime="20230710 10:58:09.500" endtime="20230710 10:58:16.704"/>
</kw>
<status status="PASS" starttime="20230710 10:58:08.648" endtime="20230710 10:58:16.704"/>
</kw>
<kw name="Run Robot Framework Scripts" library="common">
<doc>This keyword is to Run Robot Framework Scripts</doc>
<kw name="Wait Until Keyword Succeeds" library="BuiltIn">
<arg>5x</arg>
<arg>2s</arg>
<arg>Scroll Element Into View</arg>
<arg>${BTN_RUN}</arg>
<doc>Runs the specified keyword and retries if it fails.</doc>
<kw name="Scroll Element Into View" library="SeleniumLibrary">
<arg>${BTN_RUN}</arg>
<doc>Scrolls the element identified by ``locator`` into view.</doc>
<status status="PASS" starttime="20230710 10:58:16.707" endtime="20230710 10:58:17.397"/>
</kw>
<status status="PASS" starttime="20230710 10:58:16.706" endtime="20230710 10:58:17.397"/>
</kw>
<kw name="Click Button" library="SeleniumLibrary">
<arg>${BTN_RUN}</arg>
<doc>Clicks the button identified by ``locator``.</doc>
<msg timestamp="20230710 10:58:17.398" level="INFO">Clicking button '//button[contains(@class, 'theme flex middle bling')]'.</msg>
<status status="PASS" starttime="20230710 10:58:17.397" endtime="20230710 10:58:18.055"/>
</kw>
<kw name="Wait Until Page Contains Element" library="SeleniumLibrary">
<arg>${BTN_NEXT_2_EXAMPLE}</arg>
<arg>60</arg>
<doc>Waits until the element ``locator`` appears on the current page.</doc>
<status status="PASS" starttime="20230710 10:58:18.056" endtime="20230710 10:58:33.319"/>
</kw>
<kw name="Click Button" library="SeleniumLibrary">
<arg>${BTN_NEXT_2_EXAMPLE}</arg>
<doc>Clicks the button identified by ``locator``.</doc>
<msg timestamp="20230710 10:58:33.320" level="INFO">Clicking button '//button[contains(text(), ' next: Simple Example 2')]'.</msg>
<status status="PASS" starttime="20230710 10:58:33.319" endtime="20230710 10:58:33.640"/>
</kw>
<kw name="Wait Until Keyword Succeeds" library="BuiltIn">
<arg>5x</arg>
<arg>2s</arg>
<arg>Scroll Element Into View</arg>
<arg>${TITLE_ROLL-OUT}</arg>
<doc>Runs the specified keyword and retries if it fails.</doc>
<kw name="Scroll Element Into View" library="SeleniumLibrary">
<arg>${TITLE_ROLL-OUT}</arg>
<doc>Scrolls the element identified by ``locator`` into view.</doc>
<msg timestamp="20230710 10:58:39.880" level="INFO" html="true">&lt;/td&gt;&lt;/tr&gt;&lt;tr&gt;&lt;td colspan="3"&gt;&lt;a href="1-selenium-screenshot-1.png"&gt;&lt;img src="1-selenium-screenshot-1.png" width="800px"&gt;&lt;/a&gt;</msg>
<msg timestamp="20230710 10:58:39.890" level="FAIL">Element with locator '//button//div[contains(text(), 'Run')]' not found.</msg>
<status status="FAIL" starttime="20230710 10:58:33.645" endtime="20230710 10:58:39.891"/>
</kw>
<kw name="Scroll Element Into View" library="SeleniumLibrary">
<arg>${TITLE_ROLL-OUT}</arg>
<doc>Scrolls the element identified by ``locator`` into view.</doc>
<status status="PASS" starttime="20230710 10:58:41.909" endtime="20230710 10:58:42.513"/>
</kw>
<status status="PASS" starttime="20230710 10:58:33.642" endtime="20230710 10:58:42.513"/>
</kw>
<kw name="Click Button" library="SeleniumLibrary">
<arg>${BTN_RUN}</arg>
<doc>Clicks the button identified by ``locator``.</doc>
<msg timestamp="20230710 10:58:42.514" level="INFO">Clicking button '//button[contains(@class, 'theme flex middle bling')]'.</msg>
<status status="PASS" starttime="20230710 10:58:42.513" endtime="20230710 10:58:43.880"/>
</kw>
<kw name="Wait Until Page Contains Element" library="SeleniumLibrary">
<arg>${BTN_ADVANCED_EXAMPLE}</arg>
<arg>120</arg>
<doc>Waits until the element ``locator`` appears on the current page.</doc>
<status status="PASS" starttime="20230710 10:58:43.880" endtime="20230710 10:58:49.807"/>
</kw>
<kw name="Click Button" library="SeleniumLibrary">
<arg>${BTN_ADVANCED_EXAMPLE}</arg>
<doc>Clicks the button identified by ``locator``.</doc>
<msg timestamp="20230710 10:58:49.810" level="INFO">Clicking button '//button[contains(text(), ' next: Advanced Example')]'.</msg>
<status status="PASS" starttime="20230710 10:58:49.809" endtime="20230710 10:58:50.005"/>
</kw>
<kw name="Wait Until Page Contains Element" library="SeleniumLibrary">
<arg>${BTN_RUN}</arg>
<doc>Waits until the element ``locator`` appears on the current page.</doc>
<status status="PASS" starttime="20230710 10:58:50.006" endtime="20230710 10:58:51.040"/>
</kw>
<kw name="Click Button" library="SeleniumLibrary">
<arg>${BTN_RUN}</arg>
<doc>Clicks the button identified by ``locator``.</doc>
<msg timestamp="20230710 10:58:51.043" level="INFO">Clicking button '//button[contains(@class, 'theme flex middle bling')]'.</msg>
<status status="PASS" starttime="20230710 10:58:51.041" endtime="20230710 10:58:51.805"/>
</kw>
<kw name="Wait Until Element Is Visible" library="SeleniumLibrary">
<arg>${BTN_NEXT_BDD_EXAMPLE}</arg>
<doc>Waits until the element ``locator`` is visible.</doc>
<msg timestamp="20230710 10:58:57.332" level="INFO" html="true">&lt;/td&gt;&lt;/tr&gt;&lt;tr&gt;&lt;td colspan="3"&gt;&lt;a href="1-selenium-screenshot-2.png"&gt;&lt;img src="1-selenium-screenshot-2.png" width="800px"&gt;&lt;/a&gt;</msg>
<msg timestamp="20230710 10:58:57.335" level="FAIL">Element '//button[contains(text(), ' next: BDD-Example')]' not visible after 5 seconds.</msg>
<status status="FAIL" starttime="20230710 10:58:51.805" endtime="20230710 10:58:57.335"/>
</kw>
<status status="FAIL" starttime="20230710 10:58:16.705" endtime="20230710 10:58:57.338"/>
</kw>
<kw name="Close Browser" library="SeleniumLibrary" type="TEARDOWN">
<doc>Closes the current browser.</doc>
<status status="PASS" starttime="20230710 10:58:57.339" endtime="20230710 10:59:01.362"/>
</kw>
<doc>This Test Case is to Check And Run Robot Framework Scripts</doc>
<tag>tc_to01_a</tag>
<status status="FAIL" starttime="20230710 10:57:55.685" endtime="20230710 10:59:01.362">Element '//button[contains(text(), ' next: BDD-Example')]' not visible after 5 seconds.</status>
</test>
<doc>...</doc>
<status status="FAIL" starttime="20230710 10:57:54.846" endtime="20230710 10:59:01.364"/>
</suite>
<suite id="s1-s3" name="P01 SA 03 Tests" source="C:\Users\edis\Desktop\New_IMB_Project\Performance\P01_SA_03_Tests.robot">
<test id="s1-s3-t1" name="TC_TO01_suiteA">
<kw name="Open Browser" library="SeleniumLibrary">
<arg>${URL}</arg>
<arg>${BROWSER}</arg>
<doc>Opens a new browser instance to the optional ``url``.</doc>
<msg timestamp="20230710 10:57:55.803" level="INFO">Opening browser 'chrome' to base url 'https://www.imbus.de/en/'.</msg>
<status status="PASS" starttime="20230710 10:57:55.802" endtime="20230710 10:58:02.477"/>
</kw>
<kw name="Maximize Browser Window" library="SeleniumLibrary">
<doc>Maximizes current browser window.</doc>
<status status="PASS" starttime="20230710 10:58:02.477" endtime="20230710 10:58:03.149"/>
</kw>
<kw name="Allow All Cookies" library="common">
<doc>This keyword is to accept all Cookies</doc>
<kw name="Wait Until Page Contains Element" library="SeleniumLibrary">
<arg>${BTN_ALLOW_ALL COOKIES}</arg>
<doc>Waits until the element ``locator`` appears on the current page.</doc>
<status status="PASS" starttime="20230710 10:58:03.151" endtime="20230710 10:58:03.402"/>
</kw>
<kw name="Click Element" library="SeleniumLibrary">
<arg>${BTN_ALLOW_ALL COOKIES}</arg>
<doc>Click the element identified by ``locator``.</doc>
<msg timestamp="20230710 10:58:03.403" level="INFO">Clicking element '//a[contains(text(), 'allow all cookies')]'.</msg>
<status status="PASS" starttime="20230710 10:58:03.402" endtime="20230710 10:58:05.478"/>
</kw>
<status status="PASS" starttime="20230710 10:58:03.150" endtime="20230710 10:58:05.478"/>
</kw>
<kw name="Navigate To Software Testing" library="common_Navigate">
<doc>This keyword is to navigate to Software Testing</doc>
<kw name="Mouse Over" library="SeleniumLibrary">
<arg>${LINK_SOFTWARE_TESTING}</arg>
<doc>Simulates hovering the mouse over the element ``locator``.</doc>
<msg timestamp="20230710 10:58:05.481" level="INFO">Simulating Mouse Over on element '(//a[contains(@title, 'Software Testing')])[1]'.</msg>
<status status="PASS" starttime="20230710 10:58:05.480" endtime="20230710 10:58:07.159"/>
</kw>
<status status="PASS" starttime="20230710 10:58:05.479" endtime="20230710 10:58:07.160"/>
</kw>
<kw name="Navigate To Test Automation [Software Testing]" library="common_Navigate">
<doc>This keyword is to navigate to Test Automation</doc>
<kw name="Mouse Over" library="SeleniumLibrary">
<arg>${LINK_TEST_AUTOMATION}</arg>
<doc>Simulates hovering the mouse over the element ``locator``.</doc>
<msg timestamp="20230710 10:58:07.162" level="INFO">Simulating Mouse Over on element '(//a[contains(text(), 'Test Automation')])[1]'.</msg>
<status status="PASS" starttime="20230710 10:58:07.161" endtime="20230710 10:58:08.125"/>
</kw>
<status status="PASS" starttime="20230710 10:58:07.160" endtime="20230710 10:58:08.126"/>
</kw>
<kw name="Navigate To Test Automation With Robot Framework [Test Automation]" library="common_Navigate">
<doc>This keyword is to navigate to Test Automation With Robot Framework</doc>
<kw name="Click Element" library="SeleniumLibrary">
<arg>${LINK_TEST_AUTOMATION_WITH_RBFW}</arg>
<doc>Click the element identified by ``locator``.</doc>
<msg timestamp="20230710 10:58:08.128" level="INFO">Clicking element '//a[contains(text(), 'Testautomation with Robot Framework')]'.</msg>
<status status="PASS" starttime="20230710 10:58:08.127" endtime="20230710 10:58:09.034"/>
</kw>
<status status="PASS" starttime="20230710 10:58:08.126" endtime="20230710 10:58:09.035"/>
</kw>
<kw name="Navigate To Robot Framework" library="common_Navigate">
<doc>This keyword is to navigate to Robot Framework</doc>
<kw name="Wait Until Keyword Succeeds" library="BuiltIn">
<arg>5x</arg>
<arg>2s</arg>
<arg>Scroll Element Into View</arg>
<arg>${LINK_ROBOT_FRAMEWORK}</arg>
<doc>Runs the specified keyword and retries if it fails.</doc>
<kw name="Scroll Element Into View" library="SeleniumLibrary">
<arg>${LINK_ROBOT_FRAMEWORK}</arg>
<doc>Scrolls the element identified by ``locator`` into view.</doc>
<status status="PASS" starttime="20230710 10:58:09.037" endtime="20230710 10:58:09.560"/>
</kw>
<status status="PASS" starttime="20230710 10:58:09.036" endtime="20230710 10:58:09.560"/>
</kw>
<kw name="Click Element" library="SeleniumLibrary">
<arg>${LINK_ROBOT_FRAMEWORK}</arg>
<doc>Click the element identified by ``locator``.</doc>
<msg timestamp="20230710 10:58:09.561" level="INFO">Clicking element '//img[contains(@src,'Robot-framework')]'.</msg>
<status status="PASS" starttime="20230710 10:58:09.560" endtime="20230710 10:58:16.506"/>
</kw>
<status status="PASS" starttime="20230710 10:58:09.035" endtime="20230710 10:58:16.506"/>
</kw>
<kw name="Run Robot Framework Scripts" library="common">
<doc>This keyword is to Run Robot Framework Scripts</doc>
<kw name="Wait Until Keyword Succeeds" library="BuiltIn">
<arg>5x</arg>
<arg>2s</arg>
<arg>Scroll Element Into View</arg>
<arg>${BTN_RUN}</arg>
<doc>Runs the specified keyword and retries if it fails.</doc>
<kw name="Scroll Element Into View" library="SeleniumLibrary">
<arg>${BTN_RUN}</arg>
<doc>Scrolls the element identified by ``locator`` into view.</doc>
<status status="PASS" starttime="20230710 10:58:16.511" endtime="20230710 10:58:17.988"/>
</kw>
<status status="PASS" starttime="20230710 10:58:16.510" endtime="20230710 10:58:17.988"/>
</kw>
<kw name="Click Button" library="SeleniumLibrary">
<arg>${BTN_RUN}</arg>
<doc>Clicks the button identified by ``locator``.</doc>
<msg timestamp="20230710 10:58:17.990" level="INFO">Clicking button '//button[contains(@class, 'theme flex middle bling')]'.</msg>
<status status="PASS" starttime="20230710 10:58:17.989" endtime="20230710 10:58:18.275"/>
</kw>
<kw name="Wait Until Page Contains Element" library="SeleniumLibrary">
<arg>${BTN_NEXT_2_EXAMPLE}</arg>
<arg>60</arg>
<doc>Waits until the element ``locator`` appears on the current page.</doc>
<status status="PASS" starttime="20230710 10:58:18.276" endtime="20230710 10:58:35.105"/>
</kw>
<kw name="Click Button" library="SeleniumLibrary">
<arg>${BTN_NEXT_2_EXAMPLE}</arg>
<doc>Clicks the button identified by ``locator``.</doc>
<msg timestamp="20230710 10:58:35.107" level="INFO">Clicking button '//button[contains(text(), ' next: Simple Example 2')]'.</msg>
<status status="PASS" starttime="20230710 10:58:35.106" endtime="20230710 10:58:35.340"/>
</kw>
<kw name="Wait Until Keyword Succeeds" library="BuiltIn">
<arg>5x</arg>
<arg>2s</arg>
<arg>Scroll Element Into View</arg>
<arg>${TITLE_ROLL-OUT}</arg>
<doc>Runs the specified keyword and retries if it fails.</doc>
<kw name="Scroll Element Into View" library="SeleniumLibrary">
<arg>${TITLE_ROLL-OUT}</arg>
<doc>Scrolls the element identified by ``locator`` into view.</doc>
<msg timestamp="20230710 10:58:39.880" level="INFO" html="true">&lt;/td&gt;&lt;/tr&gt;&lt;tr&gt;&lt;td colspan="3"&gt;&lt;a href="2-selenium-screenshot-1.png"&gt;&lt;img src="2-selenium-screenshot-1.png" width="800px"&gt;&lt;/a&gt;</msg>
<msg timestamp="20230710 10:58:39.892" level="FAIL">Element with locator '//button//div[contains(text(), 'Run')]' not found.</msg>
<status status="FAIL" starttime="20230710 10:58:35.341" endtime="20230710 10:58:39.893"/>
</kw>
<kw name="Scroll Element Into View" library="SeleniumLibrary">
<arg>${TITLE_ROLL-OUT}</arg>
<doc>Scrolls the element identified by ``locator`` into view.</doc>
<status status="PASS" starttime="20230710 10:58:41.909" endtime="20230710 10:58:42.542"/>
</kw>
<status status="PASS" starttime="20230710 10:58:35.341" endtime="20230710 10:58:42.542"/>
</kw>
<kw name="Click Button" library="SeleniumLibrary">
<arg>${BTN_RUN}</arg>
<doc>Clicks the button identified by ``locator``.</doc>
<msg timestamp="20230710 10:58:42.543" level="INFO">Clicking button '//button[contains(@class, 'theme flex middle bling')]'.</msg>
<status status="PASS" starttime="20230710 10:58:42.542" endtime="20230710 10:58:43.896"/>
</kw>
<kw name="Wait Until Page Contains Element" library="SeleniumLibrary">
<arg>${BTN_ADVANCED_EXAMPLE}</arg>
<arg>120</arg>
<doc>Waits until the element ``locator`` appears on the current page.</doc>
<status status="PASS" starttime="20230710 10:58:43.897" endtime="20230710 10:58:49.788"/>
</kw>
<kw name="Click Button" library="SeleniumLibrary">
<arg>${BTN_ADVANCED_EXAMPLE}</arg>
<doc>Clicks the button identified by ``locator``.</doc>
<msg timestamp="20230710 10:58:49.790" level="INFO">Clicking button '//button[contains(text(), ' next: Advanced Example')]'.</msg>
<status status="PASS" starttime="20230710 10:58:49.789" endtime="20230710 10:58:50.056"/>
</kw>
<kw name="Wait Until Page Contains Element" library="SeleniumLibrary">
<arg>${BTN_RUN}</arg>
<doc>Waits until the element ``locator`` appears on the current page.</doc>
<status status="PASS" starttime="20230710 10:58:50.057" endtime="20230710 10:58:51.007"/>
</kw>
<kw name="Click Button" library="SeleniumLibrary">
<arg>${BTN_RUN}</arg>
<doc>Clicks the button identified by ``locator``.</doc>
<msg timestamp="20230710 10:58:51.010" level="INFO">Clicking button '//button[contains(@class, 'theme flex middle bling')]'.</msg>
<status status="PASS" starttime="20230710 10:58:51.009" endtime="20230710 10:58:51.273"/>
</kw>
<kw name="Wait Until Element Is Visible" library="SeleniumLibrary">
<arg>${BTN_NEXT_BDD_EXAMPLE}</arg>
<doc>Waits until the element ``locator`` is visible.</doc>
<msg timestamp="20230710 10:58:56.841" level="INFO" html="true">&lt;/td&gt;&lt;/tr&gt;&lt;tr&gt;&lt;td colspan="3"&gt;&lt;a href="2-selenium-screenshot-2.png"&gt;&lt;img src="2-selenium-screenshot-2.png" width="800px"&gt;&lt;/a&gt;</msg>
<msg timestamp="20230710 10:58:56.843" level="FAIL">Element '//button[contains(text(), ' next: BDD-Example')]' not visible after 5 seconds.</msg>
<status status="FAIL" starttime="20230710 10:58:51.273" endtime="20230710 10:58:56.843"/>
</kw>
<status status="FAIL" starttime="20230710 10:58:16.507" endtime="20230710 10:58:56.845"/>
</kw>
<kw name="Close Browser" library="SeleniumLibrary" type="TEARDOWN">
<doc>Closes the current browser.</doc>
<status status="PASS" starttime="20230710 10:58:56.846" endtime="20230710 10:59:00.809"/>
</kw>
<doc>This Test Case is to Check And Run Robot Framework Scripts</doc>
<tag>tc_to01_a</tag>
<status status="FAIL" starttime="20230710 10:57:55.800" endtime="20230710 10:59:00.810">Element '//button[contains(text(), ' next: BDD-Example')]' not visible after 5 seconds.</status>
</test>
<doc>...</doc>
<status status="FAIL" starttime="20230710 10:57:54.977" endtime="20230710 10:59:00.811"/>
</suite>
<suite id="s1-s4" name="P01 SA 04 Tests" source="C:\Users\edis\Desktop\New_IMB_Project\Performance\P01_SA_04_Tests.robot">
<test id="s1-s4-t1" name="TC_TO01_suiteA">
<kw name="Open Browser" library="SeleniumLibrary">
<arg>${URL}</arg>
<arg>${BROWSER}</arg>
<doc>Opens a new browser instance to the optional ``url``.</doc>
<msg timestamp="20230710 10:57:55.510" level="INFO">Opening browser 'chrome' to base url 'https://www.imbus.de/en/'.</msg>
<status status="PASS" starttime="20230710 10:57:55.508" endtime="20230710 10:58:00.380"/>
</kw>
<kw name="Maximize Browser Window" library="SeleniumLibrary">
<doc>Maximizes current browser window.</doc>
<status status="PASS" starttime="20230710 10:58:00.381" endtime="20230710 10:58:00.651"/>
</kw>
<kw name="Allow All Cookies" library="common">
<doc>This keyword is to accept all Cookies</doc>
<kw name="Wait Until Page Contains Element" library="SeleniumLibrary">
<arg>${BTN_ALLOW_ALL COOKIES}</arg>
<doc>Waits until the element ``locator`` appears on the current page.</doc>
<status status="PASS" starttime="20230710 10:58:00.653" endtime="20230710 10:58:01.184"/>
</kw>
<kw name="Click Element" library="SeleniumLibrary">
<arg>${BTN_ALLOW_ALL COOKIES}</arg>
<doc>Click the element identified by ``locator``.</doc>
<msg timestamp="20230710 10:58:01.186" level="INFO">Clicking element '//a[contains(text(), 'allow all cookies')]'.</msg>
<status status="PASS" starttime="20230710 10:58:01.185" endtime="20230710 10:58:02.785"/>
</kw>
<status status="PASS" starttime="20230710 10:58:00.652" endtime="20230710 10:58:02.785"/>
</kw>
<kw name="Navigate To Software Testing" library="common_Navigate">
<doc>This keyword is to navigate to Software Testing</doc>
<kw name="Mouse Over" library="SeleniumLibrary">
<arg>${LINK_SOFTWARE_TESTING}</arg>
<doc>Simulates hovering the mouse over the element ``locator``.</doc>
<msg timestamp="20230710 10:58:02.787" level="INFO">Simulating Mouse Over on element '(//a[contains(@title, 'Software Testing')])[1]'.</msg>
<status status="PASS" starttime="20230710 10:58:02.787" endtime="20230710 10:58:03.640"/>
</kw>
<status status="PASS" starttime="20230710 10:58:02.786" endtime="20230710 10:58:03.640"/>
</kw>
<kw name="Navigate To Test Automation [Software Testing]" library="common_Navigate">
<doc>This keyword is to navigate to Test Automation</doc>
<kw name="Mouse Over" library="SeleniumLibrary">
<arg>${LINK_TEST_AUTOMATION}</arg>
<doc>Simulates hovering the mouse over the element ``locator``.</doc>
<msg timestamp="20230710 10:58:03.643" level="INFO">Simulating Mouse Over on element '(//a[contains(text(), 'Test Automation')])[1]'.</msg>
<status status="PASS" starttime="20230710 10:58:03.642" endtime="20230710 10:58:04.091"/>
</kw>
<status status="PASS" starttime="20230710 10:58:03.641" endtime="20230710 10:58:04.091"/>
</kw>
<kw name="Navigate To Test Automation With Robot Framework [Test Automation]" library="common_Navigate">
<doc>This keyword is to navigate to Test Automation With Robot Framework</doc>
<kw name="Click Element" library="SeleniumLibrary">
<arg>${LINK_TEST_AUTOMATION_WITH_RBFW}</arg>
<doc>Click the element identified by ``locator``.</doc>
<msg timestamp="20230710 10:58:04.093" level="INFO">Clicking element '//a[contains(text(), 'Testautomation with Robot Framework')]'.</msg>
<status status="PASS" starttime="20230710 10:58:04.093" endtime="20230710 10:58:07.938"/>
</kw>
<status status="PASS" starttime="20230710 10:58:04.092" endtime="20230710 10:58:07.938"/>
</kw>
<kw name="Navigate To Robot Framework" library="common_Navigate">
<doc>This keyword is to navigate to Robot Framework</doc>
<kw name="Wait Until Keyword Succeeds" library="BuiltIn">
<arg>5x</arg>
<arg>2s</arg>
<arg>Scroll Element Into View</arg>
<arg>${LINK_ROBOT_FRAMEWORK}</arg>
<doc>Runs the specified keyword and retries if it fails.</doc>
<kw name="Scroll Element Into View" library="SeleniumLibrary">
<arg>${LINK_ROBOT_FRAMEWORK}</arg>
<doc>Scrolls the element identified by ``locator`` into view.</doc>
<status status="PASS" starttime="20230710 10:58:07.941" endtime="20230710 10:58:08.305"/>
</kw>
<status status="PASS" starttime="20230710 10:58:07.940" endtime="20230710 10:58:08.306"/>
</kw>
<kw name="Click Element" library="SeleniumLibrary">
<arg>${LINK_ROBOT_FRAMEWORK}</arg>
<doc>Click the element identified by ``locator``.</doc>
<msg timestamp="20230710 10:58:08.308" level="INFO">Clicking element '//img[contains(@src,'Robot-framework')]'.</msg>
<status status="PASS" starttime="20230710 10:58:08.306" endtime="20230710 10:58:12.464"/>
</kw>
<status status="PASS" starttime="20230710 10:58:07.939" endtime="20230710 10:58:12.464"/>
</kw>
<kw name="Run Robot Framework Scripts" library="common">
<doc>This keyword is to Run Robot Framework Scripts</doc>
<kw name="Wait Until Keyword Succeeds" library="BuiltIn">
<arg>5x</arg>
<arg>2s</arg>
<arg>Scroll Element Into View</arg>
<arg>${BTN_RUN}</arg>
<doc>Runs the specified keyword and retries if it fails.</doc>
<kw name="Scroll Element Into View" library="SeleniumLibrary">
<arg>${BTN_RUN}</arg>
<doc>Scrolls the element identified by ``locator`` into view.</doc>
<msg timestamp="20230710 10:58:13.568" level="INFO" html="true">&lt;/td&gt;&lt;/tr&gt;&lt;tr&gt;&lt;td colspan="3"&gt;&lt;a href="3-selenium-screenshot-1.png"&gt;&lt;img src="3-selenium-screenshot-1.png" width="800px"&gt;&lt;/a&gt;</msg>
<msg timestamp="20230710 10:58:13.574" level="FAIL">Element with locator '//button[contains(@class, 'theme flex middle bling')]' not found.</msg>
<status status="FAIL" starttime="20230710 10:58:12.468" endtime="20230710 10:58:13.574"/>
</kw>
<kw name="Scroll Element Into View" library="SeleniumLibrary">
<arg>${BTN_RUN}</arg>
<doc>Scrolls the element identified by ``locator`` into view.</doc>
<status status="PASS" starttime="20230710 10:58:15.576" endtime="20230710 10:58:16.351"/>
</kw>
<status status="PASS" starttime="20230710 10:58:12.466" endtime="20230710 10:58:16.352"/>
</kw>
<kw name="Click Button" library="SeleniumLibrary">
<arg>${BTN_RUN}</arg>
<doc>Clicks the button identified by ``locator``.</doc>
<msg timestamp="20230710 10:58:16.353" level="INFO">Clicking button '//button[contains(@class, 'theme flex middle bling')]'.</msg>
<status status="PASS" starttime="20230710 10:58:16.352" endtime="20230710 10:58:17.045"/>
</kw>
<kw name="Wait Until Page Contains Element" library="SeleniumLibrary">
<arg>${BTN_NEXT_2_EXAMPLE}</arg>
<arg>60</arg>
<doc>Waits until the element ``locator`` appears on the current page.</doc>
<status status="PASS" starttime="20230710 10:58:17.046" endtime="20230710 10:58:32.715"/>
</kw>
<kw name="Click Button" library="SeleniumLibrary">
<arg>${BTN_NEXT_2_EXAMPLE}</arg>
<doc>Clicks the button identified by ``locator``.</doc>
<msg timestamp="20230710 10:58:32.716" level="INFO">Clicking button '//button[contains(text(), ' next: Simple Example 2')]'.</msg>
<status status="PASS" starttime="20230710 10:58:32.715" endtime="20230710 10:58:33.101"/>
</kw>
<kw name="Wait Until Keyword Succeeds" library="BuiltIn">
<arg>5x</arg>
<arg>2s</arg>
<arg>Scroll Element Into View</arg>
<arg>${TITLE_ROLL-OUT}</arg>
<doc>Runs the specified keyword and retries if it fails.</doc>
<kw name="Scroll Element Into View" library="SeleniumLibrary">
<arg>${TITLE_ROLL-OUT}</arg>
<doc>Scrolls the element identified by ``locator`` into view.</doc>
<status status="PASS" starttime="20230710 10:58:33.102" endtime="20230710 10:58:33.669"/>
</kw>
<status status="PASS" starttime="20230710 10:58:33.101" endtime="20230710 10:58:33.669"/>
</kw>
<kw name="Click Button" library="SeleniumLibrary">
<arg>${BTN_RUN}</arg>
<doc>Clicks the button identified by ``locator``.</doc>
<msg timestamp="20230710 10:58:33.670" level="INFO">Clicking button '//button[contains(@class, 'theme flex middle bling')]'.</msg>
<status status="PASS" starttime="20230710 10:58:33.670" endtime="20230710 10:58:34.174"/>
</kw>
<kw name="Wait Until Page Contains Element" library="SeleniumLibrary">
<arg>${BTN_ADVANCED_EXAMPLE}</arg>
<arg>120</arg>
<doc>Waits until the element ``locator`` appears on the current page.</doc>
<status status="PASS" starttime="20230710 10:58:34.174" endtime="20230710 10:58:40.044"/>
</kw>
<kw name="Click Button" library="SeleniumLibrary">
<arg>${BTN_ADVANCED_EXAMPLE}</arg>
<doc>Clicks the button identified by ``locator``.</doc>
<msg timestamp="20230710 10:58:40.046" level="INFO">Clicking button '//button[contains(text(), ' next: Advanced Example')]'.</msg>
<status status="PASS" starttime="20230710 10:58:40.045" endtime="20230710 10:58:41.130"/>
</kw>
<kw name="Wait Until Page Contains Element" library="SeleniumLibrary">
<arg>${BTN_RUN}</arg>
<doc>Waits until the element ``locator`` appears on the current page.</doc>
<status status="PASS" starttime="20230710 10:58:41.131" endtime="20230710 10:58:41.632"/>
</kw>
<kw name="Click Button" library="SeleniumLibrary">
<arg>${BTN_RUN}</arg>
<doc>Clicks the button identified by ``locator``.</doc>
<msg timestamp="20230710 10:58:41.637" level="INFO">Clicking button '//button[contains(@class, 'theme flex middle bling')]'.</msg>
<status status="PASS" starttime="20230710 10:58:41.634" endtime="20230710 10:58:42.044"/>
</kw>
<kw name="Wait Until Element Is Visible" library="SeleniumLibrary">
<arg>${BTN_NEXT_BDD_EXAMPLE}</arg>
<doc>Waits until the element ``locator`` is visible.</doc>
<msg timestamp="20230710 10:58:47.852" level="INFO" html="true">&lt;/td&gt;&lt;/tr&gt;&lt;tr&gt;&lt;td colspan="3"&gt;&lt;a href="3-selenium-screenshot-2.png"&gt;&lt;img src="3-selenium-screenshot-2.png" width="800px"&gt;&lt;/a&gt;</msg>
<msg timestamp="20230710 10:58:47.854" level="FAIL">Element '//button[contains(text(), ' next: BDD-Example')]' not visible after 5 seconds.</msg>
<status status="FAIL" starttime="20230710 10:58:42.044" endtime="20230710 10:58:47.855"/>
</kw>
<status status="FAIL" starttime="20230710 10:58:12.465" endtime="20230710 10:58:47.857"/>
</kw>
<kw name="Close Browser" library="SeleniumLibrary" type="TEARDOWN">
<doc>Closes the current browser.</doc>
<status status="PASS" starttime="20230710 10:58:47.858" endtime="20230710 10:59:02.031"/>
</kw>
<doc>This Test Case is to Check And Run Robot Framework Scripts</doc>
<tag>tc_to01_a</tag>
<status status="FAIL" starttime="20230710 10:57:55.507" endtime="20230710 10:59:02.032">Element '//button[contains(text(), ' next: BDD-Example')]' not visible after 5 seconds.</status>
</test>
<doc>...</doc>
<status status="FAIL" starttime="20230710 10:57:54.847" endtime="20230710 10:59:02.034"/>
</suite>
<suite id="s1-s5" name="P01 SA 05 Tests" source="C:\Users\edis\Desktop\New_IMB_Project\Performance\P01_SA_05_Tests.robot">
<test id="s1-s5-t1" name="TC_TO01_suiteA">
<kw name="Open Browser" library="SeleniumLibrary">
<arg>${URL}</arg>
<arg>${BROWSER}</arg>
<doc>Opens a new browser instance to the optional ``url``.</doc>
<msg timestamp="20230710 10:58:54.235" level="INFO">Opening browser 'chrome' to base url 'https://www.imbus.de/en/'.</msg>
<status status="PASS" starttime="20230710 10:58:54.234" endtime="20230710 10:58:58.627"/>
</kw>
<kw name="Maximize Browser Window" library="SeleniumLibrary">
<doc>Maximizes current browser window.</doc>
<status status="PASS" starttime="20230710 10:58:58.628" endtime="20230710 10:58:58.796"/>
</kw>
<kw name="Allow All Cookies" library="common">
<doc>This keyword is to accept all Cookies</doc>
<kw name="Wait Until Page Contains Element" library="SeleniumLibrary">
<arg>${BTN_ALLOW_ALL COOKIES}</arg>
<doc>Waits until the element ``locator`` appears on the current page.</doc>
<status status="PASS" starttime="20230710 10:58:58.797" endtime="20230710 10:58:59.031"/>
</kw>
<kw name="Click Element" library="SeleniumLibrary">
<arg>${BTN_ALLOW_ALL COOKIES}</arg>
<doc>Click the element identified by ``locator``.</doc>
<msg timestamp="20230710 10:58:59.032" level="INFO">Clicking element '//a[contains(text(), 'allow all cookies')]'.</msg>
<status status="PASS" starttime="20230710 10:58:59.031" endtime="20230710 10:58:59.642"/>
</kw>
<status status="PASS" starttime="20230710 10:58:58.796" endtime="20230710 10:58:59.642"/>
</kw>
<kw name="Navigate To Software Testing" library="common_Navigate">
<doc>This keyword is to navigate to Software Testing</doc>
<kw name="Mouse Over" library="SeleniumLibrary">
<arg>${LINK_SOFTWARE_TESTING}</arg>
<doc>Simulates hovering the mouse over the element ``locator``.</doc>
<msg timestamp="20230710 10:58:59.644" level="INFO">Simulating Mouse Over on element '(//a[contains(@title, 'Software Testing')])[1]'.</msg>
<status status="PASS" starttime="20230710 10:58:59.643" endtime="20230710 10:59:00.109"/>
</kw>
<status status="PASS" starttime="20230710 10:58:59.643" endtime="20230710 10:59:00.110"/>
</kw>
<kw name="Navigate To Test Automation [Software Testing]" library="common_Navigate">
<doc>This keyword is to navigate to Test Automation</doc>
<kw name="Mouse Over" library="SeleniumLibrary">
<arg>${LINK_TEST_AUTOMATION}</arg>
<doc>Simulates hovering the mouse over the element ``locator``.</doc>
<msg timestamp="20230710 10:59:00.112" level="INFO">Simulating Mouse Over on element '(//a[contains(text(), 'Test Automation')])[1]'.</msg>
<status status="PASS" starttime="20230710 10:59:00.111" endtime="20230710 10:59:00.412"/>
</kw>
<status status="PASS" starttime="20230710 10:59:00.110" endtime="20230710 10:59:00.412"/>
</kw>
<kw name="Navigate To Test Automation With Robot Framework [Test Automation]" library="common_Navigate">
<doc>This keyword is to navigate to Test Automation With Robot Framework</doc>
<kw name="Click Element" library="SeleniumLibrary">
<arg>${LINK_TEST_AUTOMATION_WITH_RBFW}</arg>
<doc>Click the element identified by ``locator``.</doc>
<msg timestamp="20230710 10:59:00.413" level="INFO">Clicking element '//a[contains(text(), 'Testautomation with Robot Framework')]'.</msg>
<status status="PASS" starttime="20230710 10:59:00.413" endtime="20230710 10:59:01.223"/>
</kw>
<status status="PASS" starttime="20230710 10:59:00.412" endtime="20230710 10:59:01.223"/>
</kw>
<kw name="Navigate To Robot Framework" library="common_Navigate">
<doc>This keyword is to navigate to Robot Framework</doc>
<kw name="Wait Until Keyword Succeeds" library="BuiltIn">
<arg>5x</arg>
<arg>2s</arg>
<arg>Scroll Element Into View</arg>
<arg>${LINK_ROBOT_FRAMEWORK}</arg>
<doc>Runs the specified keyword and retries if it fails.</doc>
<kw name="Scroll Element Into View" library="SeleniumLibrary">
<arg>${LINK_ROBOT_FRAMEWORK}</arg>
<doc>Scrolls the element identified by ``locator`` into view.</doc>
<status status="PASS" starttime="20230710 10:59:01.226" endtime="20230710 10:59:01.522"/>
</kw>
<status status="PASS" starttime="20230710 10:59:01.225" endtime="20230710 10:59:01.522"/>
</kw>
<kw name="Click Element" library="SeleniumLibrary">
<arg>${LINK_ROBOT_FRAMEWORK}</arg>
<doc>Click the element identified by ``locator``.</doc>
<msg timestamp="20230710 10:59:01.524" level="INFO">Clicking element '//img[contains(@src,'Robot-framework')]'.</msg>
<status status="PASS" starttime="20230710 10:59:01.523" endtime="20230710 10:59:04.317"/>
</kw>
<status status="PASS" starttime="20230710 10:59:01.224" endtime="20230710 10:59:04.318"/>
</kw>
<kw name="Run Robot Framework Scripts" library="common">
<doc>This keyword is to Run Robot Framework Scripts</doc>
<kw name="Wait Until Keyword Succeeds" library="BuiltIn">
<arg>5x</arg>
<arg>2s</arg>
<arg>Scroll Element Into View</arg>
<arg>${BTN_RUN}</arg>
<doc>Runs the specified keyword and retries if it fails.</doc>
<kw name="Scroll Element Into View" library="SeleniumLibrary">
<arg>${BTN_RUN}</arg>
<doc>Scrolls the element identified by ``locator`` into view.</doc>
<msg timestamp="20230710 10:59:04.809" level="INFO" html="true">&lt;/td&gt;&lt;/tr&gt;&lt;tr&gt;&lt;td colspan="3"&gt;&lt;a href="4-selenium-screenshot-1.png"&gt;&lt;img src="4-selenium-screenshot-1.png" width="800px"&gt;&lt;/a&gt;</msg>
<msg timestamp="20230710 10:59:04.815" level="FAIL">Element with locator '//button[contains(@class, 'theme flex middle bling')]' not found.</msg>
<status status="FAIL" starttime="20230710 10:59:04.320" endtime="20230710 10:59:04.815"/>
</kw>
<kw name="Scroll Element Into View" library="SeleniumLibrary">
<arg>${BTN_RUN}</arg>
<doc>Scrolls the element identified by ``locator`` into view.</doc>
<status status="PASS" starttime="20230710 10:59:06.820" endtime="20230710 10:59:07.142"/>
</kw>
<status status="PASS" starttime="20230710 10:59:04.319" endtime="20230710 10:59:07.142"/>
</kw>
<kw name="Click Button" library="SeleniumLibrary">
<arg>${BTN_RUN}</arg>
<doc>Clicks the button identified by ``locator``.</doc>
<msg timestamp="20230710 10:59:07.144" level="INFO">Clicking button '//button[contains(@class, 'theme flex middle bling')]'.</msg>
<status status="PASS" starttime="20230710 10:59:07.143" endtime="20230710 10:59:07.274"/>
</kw>
<kw name="Wait Until Page Contains Element" library="SeleniumLibrary">
<arg>${BTN_NEXT_2_EXAMPLE}</arg>
<arg>60</arg>
<doc>Waits until the element ``locator`` appears on the current page.</doc>
<status status="PASS" starttime="20230710 10:59:07.275" endtime="20230710 10:59:18.847"/>
</kw>
<kw name="Click Button" library="SeleniumLibrary">
<arg>${BTN_NEXT_2_EXAMPLE}</arg>
<doc>Clicks the button identified by ``locator``.</doc>
<msg timestamp="20230710 10:59:18.849" level="INFO">Clicking button '//button[contains(text(), ' next: Simple Example 2')]'.</msg>
<status status="PASS" starttime="20230710 10:59:18.848" endtime="20230710 10:59:18.982"/>
</kw>
<kw name="Wait Until Keyword Succeeds" library="BuiltIn">
<arg>5x</arg>
<arg>2s</arg>
<arg>Scroll Element Into View</arg>
<arg>${TITLE_ROLL-OUT}</arg>
<doc>Runs the specified keyword and retries if it fails.</doc>
<kw name="Scroll Element Into View" library="SeleniumLibrary">
<arg>${TITLE_ROLL-OUT}</arg>
<doc>Scrolls the element identified by ``locator`` into view.</doc>
<msg timestamp="20230710 10:59:19.376" level="INFO" html="true">&lt;/td&gt;&lt;/tr&gt;&lt;tr&gt;&lt;td colspan="3"&gt;&lt;a href="4-selenium-screenshot-2.png"&gt;&lt;img src="4-selenium-screenshot-2.png" width="800px"&gt;&lt;/a&gt;</msg>
<msg timestamp="20230710 10:59:19.378" level="FAIL">Element with locator '//button//div[contains(text(), 'Run')]' not found.</msg>
<status status="FAIL" starttime="20230710 10:59:18.983" endtime="20230710 10:59:19.378"/>
</kw>
<kw name="Scroll Element Into View" library="SeleniumLibrary">
<arg>${TITLE_ROLL-OUT}</arg>
<doc>Scrolls the element identified by ``locator`` into view.</doc>
<status status="PASS" starttime="20230710 10:59:21.396" endtime="20230710 10:59:21.748"/>
</kw>
<status status="PASS" starttime="20230710 10:59:18.982" endtime="20230710 10:59:21.748"/>
</kw>
<kw name="Click Button" library="SeleniumLibrary">
<arg>${BTN_RUN}</arg>
<doc>Clicks the button identified by ``locator``.</doc>
<msg timestamp="20230710 10:59:21.750" level="INFO">Clicking button '//button[contains(@class, 'theme flex middle bling')]'.</msg>
<status status="PASS" starttime="20230710 10:59:21.749" endtime="20230710 10:59:21.886"/>
</kw>
<kw name="Wait Until Page Contains Element" library="SeleniumLibrary">
<arg>${BTN_ADVANCED_EXAMPLE}</arg>
<arg>120</arg>
<doc>Waits until the element ``locator`` appears on the current page.</doc>
<status status="PASS" starttime="20230710 10:59:21.887" endtime="20230710 10:59:26.186"/>
</kw>
<kw name="Click Button" library="SeleniumLibrary">
<arg>${BTN_ADVANCED_EXAMPLE}</arg>
<doc>Clicks the button identified by ``locator``.</doc>
<msg timestamp="20230710 10:59:26.187" level="INFO">Clicking button '//button[contains(text(), ' next: Advanced Example')]'.</msg>
<status status="PASS" starttime="20230710 10:59:26.187" endtime="20230710 10:59:26.287"/>
</kw>
<kw name="Wait Until Page Contains Element" library="SeleniumLibrary">
<arg>${BTN_RUN}</arg>
<doc>Waits until the element ``locator`` appears on the current page.</doc>
<status status="PASS" starttime="20230710 10:59:26.288" endtime="20230710 10:59:26.569"/>
</kw>
<kw name="Click Button" library="SeleniumLibrary">
<arg>${BTN_RUN}</arg>
<doc>Clicks the button identified by ``locator``.</doc>
<msg timestamp="20230710 10:59:26.570" level="INFO">Clicking button '//button[contains(@class, 'theme flex middle bling')]'.</msg>
<status status="PASS" starttime="20230710 10:59:26.570" endtime="20230710 10:59:26.776"/>
</kw>
<kw name="Wait Until Element Is Visible" library="SeleniumLibrary">
<arg>${BTN_NEXT_BDD_EXAMPLE}</arg>
<doc>Waits until the element ``locator`` is visible.</doc>
<status status="PASS" starttime="20230710 10:59:26.776" endtime="20230710 10:59:29.908"/>
</kw>
<status status="PASS" starttime="20230710 10:59:04.318" endtime="20230710 10:59:29.908"/>
</kw>
<kw name="Close Browser" library="SeleniumLibrary" type="TEARDOWN">
<doc>Closes the current browser.</doc>
<status status="PASS" starttime="20230710 10:59:29.909" endtime="20230710 10:59:32.207"/>
</kw>
<doc>This Test Case is to Check And Run Robot Framework Scripts</doc>
<tag>tc_to01_a</tag>
<status status="PASS" starttime="20230710 10:58:54.233" endtime="20230710 10:59:32.208"/>
</test>
<doc>...</doc>
<status status="PASS" starttime="20230710 10:58:53.656" endtime="20230710 10:59:32.211"/>
</suite>
<doc>[https://pabot.org/?ref=log|Pabot] result from 5 executions.</doc>
<status status="FAIL" starttime="20230710 10:57:54.804" endtime="20230710 10:59:32.218"/>
</suite>
<statistics>
<total>
<stat pass="1" fail="4" skip="0">All Tests</stat>
</total>
<tag>
<stat pass="1" fail="4" skip="0">tc_to01_a</stat>
</tag>
<suite>
<stat pass="1" fail="4" skip="0" id="s1" name="Suites">Suites</stat>
<stat pass="0" fail="1" skip="0" id="s1-s1" name="P01 SA 01 Tests">Suites.P01 SA 01 Tests</stat>
<stat pass="0" fail="1" skip="0" id="s1-s2" name="P01 SA 02 Tests">Suites.P01 SA 02 Tests</stat>
<stat pass="0" fail="1" skip="0" id="s1-s3" name="P01 SA 03 Tests">Suites.P01 SA 03 Tests</stat>
<stat pass="0" fail="1" skip="0" id="s1-s4" name="P01 SA 04 Tests">Suites.P01 SA 04 Tests</stat>
<stat pass="1" fail="0" skip="0" id="s1-s5" name="P01 SA 05 Tests">Suites.P01 SA 05 Tests</stat>
</suite>
</statistics>
<errors>
<msg timestamp="20230710 10:57:55.826" level="ERROR">Error in file 'C:\Users\edis\Desktop\New_IMB_Project\Resources\common.resource' on line 9: Invalid resource file extension '.py'. Supported extensions are '.resource', '.robot', '.txt', '.tsv', '.rst' and '.rest'.</msg>
<msg timestamp="20230710 10:57:55.678" level="ERROR">Error in file 'C:\Users\edis\Desktop\New_IMB_Project\Resources\common.resource' on line 9: Invalid resource file extension '.py'. Supported extensions are '.resource', '.robot', '.txt', '.tsv', '.rst' and '.rest'.</msg>
<msg timestamp="20230710 10:57:55.794" level="ERROR">Error in file 'C:\Users\edis\Desktop\New_IMB_Project\Resources\common.resource' on line 9: Invalid resource file extension '.py'. Supported extensions are '.resource', '.robot', '.txt', '.tsv', '.rst' and '.rest'.</msg>
<msg timestamp="20230710 10:57:55.501" level="ERROR">Error in file 'C:\Users\edis\Desktop\New_IMB_Project\Resources\common.resource' on line 9: Invalid resource file extension '.py'. Supported extensions are '.resource', '.robot', '.txt', '.tsv', '.rst' and '.rest'.</msg>
<msg timestamp="20230710 10:58:54.225" level="ERROR">Error in file 'C:\Users\edis\Desktop\New_IMB_Project\Resources\common.resource' on line 9: Invalid resource file extension '.py'. Supported extensions are '.resource', '.robot', '.txt', '.tsv', '.rst' and '.rest'.</msg>
</errors>
</robot>
