<?xml version="1.0" encoding="UTF-8"?>
<robot generator="Robot 4.1.3 (Python 3.10.2 on win32)" generated="20230710 10:57:54.910" rpa="false" schemaversion="2">
<suite id="s1" name="Suites">
<suite id="s1-s1" name="P01 SA 03 Tests" source="C:\Users\edis\Desktop\New_IMB_Project\Performance\P01_SA_03_Tests.robot">
<test id="s1-s1-t1" name="TC_TO01_suiteA">
<kw name="Open Browser" library="SeleniumLibrary">
<arg>${URL}</arg>
<arg>${BROWSER}</arg>
<doc>Opens a new browser instance to the optional ``url``.</doc>
<msg timestamp="20230710 10:57:55.803" level="INFO">Opening browser 'chrome' to base url 'https://www.imbus.de/en/'.</msg>
<status status="PASS" starttime="20230710 10:57:55.802" endtime="20230710 10:58:02.477"/>
</kw>
<kw name="Maximize Browser Window" library="SeleniumLibrary">
<doc>Maximizes current browser window.</doc>
<status status="PASS" starttime="20230710 10:58:02.477" endtime="20230710 10:58:03.149"/>
</kw>
<kw name="Allow All Cookies" library="common">
<doc>This keyword is to accept all Cookies</doc>
<kw name="Wait Until Page Contains Element" library="SeleniumLibrary">
<arg>${BTN_ALLOW_ALL COOKIES}</arg>
<doc>Waits until the element ``locator`` appears on the current page.</doc>
<status status="PASS" starttime="20230710 10:58:03.151" endtime="20230710 10:58:03.402"/>
</kw>
<kw name="Click Element" library="SeleniumLibrary">
<arg>${BTN_ALLOW_ALL COOKIES}</arg>
<doc>Click the element identified by ``locator``.</doc>
<msg timestamp="20230710 10:58:03.403" level="INFO">Clicking element '//a[contains(text(), 'allow all cookies')]'.</msg>
<status status="PASS" starttime="20230710 10:58:03.402" endtime="20230710 10:58:05.478"/>
</kw>
<status status="PASS" starttime="20230710 10:58:03.150" endtime="20230710 10:58:05.478"/>
</kw>
<kw name="Navigate To Software Testing" library="common_Navigate">
<doc>This keyword is to navigate to Software Testing</doc>
<kw name="Mouse Over" library="SeleniumLibrary">
<arg>${LINK_SOFTWARE_TESTING}</arg>
<doc>Simulates hovering the mouse over the element ``locator``.</doc>
<msg timestamp="20230710 10:58:05.481" level="INFO">Simulating Mouse Over on element '(//a[contains(@title, 'Software Testing')])[1]'.</msg>
<status status="PASS" starttime="20230710 10:58:05.480" endtime="20230710 10:58:07.159"/>
</kw>
<status status="PASS" starttime="20230710 10:58:05.479" endtime="20230710 10:58:07.160"/>
</kw>
<kw name="Navigate To Test Automation [Software Testing]" library="common_Navigate">
<doc>This keyword is to navigate to Test Automation</doc>
<kw name="Mouse Over" library="SeleniumLibrary">
<arg>${LINK_TEST_AUTOMATION}</arg>
<doc>Simulates hovering the mouse over the element ``locator``.</doc>
<msg timestamp="20230710 10:58:07.162" level="INFO">Simulating Mouse Over on element '(//a[contains(text(), 'Test Automation')])[1]'.</msg>
<status status="PASS" starttime="20230710 10:58:07.161" endtime="20230710 10:58:08.125"/>
</kw>
<status status="PASS" starttime="20230710 10:58:07.160" endtime="20230710 10:58:08.126"/>
</kw>
<kw name="Navigate To Test Automation With Robot Framework [Test Automation]" library="common_Navigate">
<doc>This keyword is to navigate to Test Automation With Robot Framework</doc>
<kw name="Click Element" library="SeleniumLibrary">
<arg>${LINK_TEST_AUTOMATION_WITH_RBFW}</arg>
<doc>Click the element identified by ``locator``.</doc>
<msg timestamp="20230710 10:58:08.128" level="INFO">Clicking element '//a[contains(text(), 'Testautomation with Robot Framework')]'.</msg>
<status status="PASS" starttime="20230710 10:58:08.127" endtime="20230710 10:58:09.034"/>
</kw>
<status status="PASS" starttime="20230710 10:58:08.126" endtime="20230710 10:58:09.035"/>
</kw>
<kw name="Navigate To Robot Framework" library="common_Navigate">
<doc>This keyword is to navigate to Robot Framework</doc>
<kw name="Wait Until Keyword Succeeds" library="BuiltIn">
<arg>5x</arg>
<arg>2s</arg>
<arg>Scroll Element Into View</arg>
<arg>${LINK_ROBOT_FRAMEWORK}</arg>
<doc>Runs the specified keyword and retries if it fails.</doc>
<kw name="Scroll Element Into View" library="SeleniumLibrary">
<arg>${LINK_ROBOT_FRAMEWORK}</arg>
<doc>Scrolls the element identified by ``locator`` into view.</doc>
<status status="PASS" starttime="20230710 10:58:09.037" endtime="20230710 10:58:09.560"/>
</kw>
<status status="PASS" starttime="20230710 10:58:09.036" endtime="20230710 10:58:09.560"/>
</kw>
<kw name="Click Element" library="SeleniumLibrary">
<arg>${LINK_ROBOT_FRAMEWORK}</arg>
<doc>Click the element identified by ``locator``.</doc>
<msg timestamp="20230710 10:58:09.561" level="INFO">Clicking element '//img[contains(@src,'Robot-framework')]'.</msg>
<status status="PASS" starttime="20230710 10:58:09.560" endtime="20230710 10:58:16.506"/>
</kw>
<status status="PASS" starttime="20230710 10:58:09.035" endtime="20230710 10:58:16.506"/>
</kw>
<kw name="Run Robot Framework Scripts" library="common">
<doc>This keyword is to Run Robot Framework Scripts</doc>
<kw name="Wait Until Keyword Succeeds" library="BuiltIn">
<arg>5x</arg>
<arg>2s</arg>
<arg>Scroll Element Into View</arg>
<arg>${BTN_RUN}</arg>
<doc>Runs the specified keyword and retries if it fails.</doc>
<kw name="Scroll Element Into View" library="SeleniumLibrary">
<arg>${BTN_RUN}</arg>
<doc>Scrolls the element identified by ``locator`` into view.</doc>
<status status="PASS" starttime="20230710 10:58:16.511" endtime="20230710 10:58:17.988"/>
</kw>
<status status="PASS" starttime="20230710 10:58:16.510" endtime="20230710 10:58:17.988"/>
</kw>
<kw name="Click Button" library="SeleniumLibrary">
<arg>${BTN_RUN}</arg>
<doc>Clicks the button identified by ``locator``.</doc>
<msg timestamp="20230710 10:58:17.990" level="INFO">Clicking button '//button[contains(@class, 'theme flex middle bling')]'.</msg>
<status status="PASS" starttime="20230710 10:58:17.989" endtime="20230710 10:58:18.275"/>
</kw>
<kw name="Wait Until Page Contains Element" library="SeleniumLibrary">
<arg>${BTN_NEXT_2_EXAMPLE}</arg>
<arg>60</arg>
<doc>Waits until the element ``locator`` appears on the current page.</doc>
<status status="PASS" starttime="20230710 10:58:18.276" endtime="20230710 10:58:35.105"/>
</kw>
<kw name="Click Button" library="SeleniumLibrary">
<arg>${BTN_NEXT_2_EXAMPLE}</arg>
<doc>Clicks the button identified by ``locator``.</doc>
<msg timestamp="20230710 10:58:35.107" level="INFO">Clicking button '//button[contains(text(), ' next: Simple Example 2')]'.</msg>
<status status="PASS" starttime="20230710 10:58:35.106" endtime="20230710 10:58:35.340"/>
</kw>
<kw name="Wait Until Keyword Succeeds" library="BuiltIn">
<arg>5x</arg>
<arg>2s</arg>
<arg>Scroll Element Into View</arg>
<arg>${TITLE_ROLL-OUT}</arg>
<doc>Runs the specified keyword and retries if it fails.</doc>
<kw name="Scroll Element Into View" library="SeleniumLibrary">
<arg>${TITLE_ROLL-OUT}</arg>
<doc>Scrolls the element identified by ``locator`` into view.</doc>
<msg timestamp="20230710 10:58:39.880" level="INFO" html="true">&lt;/td&gt;&lt;/tr&gt;&lt;tr&gt;&lt;td colspan="3"&gt;&lt;a href="selenium-screenshot-1.png"&gt;&lt;img src="selenium-screenshot-1.png" width="800px"&gt;&lt;/a&gt;</msg>
<msg timestamp="20230710 10:58:39.892" level="FAIL">Element with locator '//button//div[contains(text(), 'Run')]' not found.</msg>
<status status="FAIL" starttime="20230710 10:58:35.341" endtime="20230710 10:58:39.893"/>
</kw>
<kw name="Scroll Element Into View" library="SeleniumLibrary">
<arg>${TITLE_ROLL-OUT}</arg>
<doc>Scrolls the element identified by ``locator`` into view.</doc>
<status status="PASS" starttime="20230710 10:58:41.909" endtime="20230710 10:58:42.542"/>
</kw>
<status status="PASS" starttime="20230710 10:58:35.341" endtime="20230710 10:58:42.542"/>
</kw>
<kw name="Click Button" library="SeleniumLibrary">
<arg>${BTN_RUN}</arg>
<doc>Clicks the button identified by ``locator``.</doc>
<msg timestamp="20230710 10:58:42.543" level="INFO">Clicking button '//button[contains(@class, 'theme flex middle bling')]'.</msg>
<status status="PASS" starttime="20230710 10:58:42.542" endtime="20230710 10:58:43.896"/>
</kw>
<kw name="Wait Until Page Contains Element" library="SeleniumLibrary">
<arg>${BTN_ADVANCED_EXAMPLE}</arg>
<arg>120</arg>
<doc>Waits until the element ``locator`` appears on the current page.</doc>
<status status="PASS" starttime="20230710 10:58:43.897" endtime="20230710 10:58:49.788"/>
</kw>
<kw name="Click Button" library="SeleniumLibrary">
<arg>${BTN_ADVANCED_EXAMPLE}</arg>
<doc>Clicks the button identified by ``locator``.</doc>
<msg timestamp="20230710 10:58:49.790" level="INFO">Clicking button '//button[contains(text(), ' next: Advanced Example')]'.</msg>
<status status="PASS" starttime="20230710 10:58:49.789" endtime="20230710 10:58:50.056"/>
</kw>
<kw name="Wait Until Page Contains Element" library="SeleniumLibrary">
<arg>${BTN_RUN}</arg>
<doc>Waits until the element ``locator`` appears on the current page.</doc>
<status status="PASS" starttime="20230710 10:58:50.057" endtime="20230710 10:58:51.007"/>
</kw>
<kw name="Click Button" library="SeleniumLibrary">
<arg>${BTN_RUN}</arg>
<doc>Clicks the button identified by ``locator``.</doc>
<msg timestamp="20230710 10:58:51.010" level="INFO">Clicking button '//button[contains(@class, 'theme flex middle bling')]'.</msg>
<status status="PASS" starttime="20230710 10:58:51.009" endtime="20230710 10:58:51.273"/>
</kw>
<kw name="Wait Until Element Is Visible" library="SeleniumLibrary">
<arg>${BTN_NEXT_BDD_EXAMPLE}</arg>
<doc>Waits until the element ``locator`` is visible.</doc>
<msg timestamp="20230710 10:58:56.841" level="INFO" html="true">&lt;/td&gt;&lt;/tr&gt;&lt;tr&gt;&lt;td colspan="3"&gt;&lt;a href="selenium-screenshot-2.png"&gt;&lt;img src="selenium-screenshot-2.png" width="800px"&gt;&lt;/a&gt;</msg>
<msg timestamp="20230710 10:58:56.843" level="FAIL">Element '//button[contains(text(), ' next: BDD-Example')]' not visible after 5 seconds.</msg>
<status status="FAIL" starttime="20230710 10:58:51.273" endtime="20230710 10:58:56.843"/>
</kw>
<status status="FAIL" starttime="20230710 10:58:16.507" endtime="20230710 10:58:56.845"/>
</kw>
<kw name="Close Browser" library="SeleniumLibrary" type="TEARDOWN">
<doc>Closes the current browser.</doc>
<status status="PASS" starttime="20230710 10:58:56.846" endtime="20230710 10:59:00.809"/>
</kw>
<doc>This Test Case is to Check And Run Robot Framework Scripts</doc>
<tag>tc_to01_a</tag>
<status status="FAIL" starttime="20230710 10:57:55.800" endtime="20230710 10:59:00.810">Element '//button[contains(text(), ' next: BDD-Example')]' not visible after 5 seconds.</status>
</test>
<doc>...</doc>
<status status="FAIL" starttime="20230710 10:57:54.977" endtime="20230710 10:59:00.811"/>
</suite>
<status status="FAIL" starttime="20230710 10:57:54.930" endtime="20230710 10:59:00.815"/>
</suite>
<statistics>
<total>
<stat pass="0" fail="1" skip="0">All Tests</stat>
</total>
<tag>
<stat pass="0" fail="1" skip="0">tc_to01_a</stat>
</tag>
<suite>
<stat pass="0" fail="1" skip="0" id="s1" name="Suites">Suites</stat>
<stat pass="0" fail="1" skip="0" id="s1-s1" name="P01 SA 03 Tests">Suites.P01 SA 03 Tests</stat>
</suite>
</statistics>
<errors>
<msg timestamp="20230710 10:57:55.794" level="ERROR">Error in file 'C:\Users\edis\Desktop\New_IMB_Project\Resources\common.resource' on line 9: Invalid resource file extension '.py'. Supported extensions are '.resource', '.robot', '.txt', '.tsv', '.rst' and '.rest'.</msg>
</errors>
</robot>
