<?xml version="1.0" encoding="UTF-8"?>
<robot generator="Robot 5.0.1 (Python 3.11.0 on win32)" generated="20230724 15:30:56.043" rpa="false" schemaversion="3">
<suite id="s1" name="P1 TO01 MH Tests" source="c:\Users\arber\Desktop\Imbus-Project\First_Project_IMBUS\TestCases\P1_TO01_MH_Tests.robot">
<test id="s1-t1" name="P1_TO01_MH_TC01 Verify Test Approaches Works" line="11">
<kw name="Open Web Browser" library="Web_Apps" type="SETUP">
<doc>Opens a new browser instance and maximizes the window</doc>
<kw name="Create Dictionary" library="BuiltIn">
<var>&amp;{browser args}</var>
<doc>Creates and returns a dictionary based on the given ``items``.</doc>
<msg timestamp="20230724 15:30:57.158" level="INFO">&amp;{browser args} = { }</msg>
<status status="PASS" starttime="20230724 15:30:57.155" endtime="20230724 15:30:57.161"/>
</kw>
<if>
<branch type="IF" condition="&quot;${browser_type}&quot; == &quot;headlesschrome&quot;">
<kw name="Set To Dictionary" library="Collections">
<arg>${browser args}</arg>
<arg>options=${HEADLESS CHROME OPTIONS}</arg>
<doc>Adds the given ``key_value_pairs`` and ``items`` to the ``dictionary``.</doc>
<status status="NOT RUN" starttime="20230724 15:30:57.164" endtime="20230724 15:30:57.165"/>
</kw>
<status status="NOT RUN" starttime="20230724 15:30:57.163" endtime="20230724 15:30:57.166"/>
</branch>
<status status="PASS" starttime="20230724 15:30:57.163" endtime="20230724 15:30:57.166"/>
</if>
<kw name="Open Browser" library="SeleniumLibrary">
<arg>${URL}</arg>
<arg>${browser type}</arg>
<arg>&amp;{browser args}</arg>
<doc>Opens a new browser instance to the optional ``url``.</doc>
<msg timestamp="20230724 15:30:57.169" level="INFO">Opening browser 'chrome' to base url 'https://www.testbench.com/'.</msg>
<status status="PASS" starttime="20230724 15:30:57.167" endtime="20230724 15:31:00.359"/>
</kw>
<kw name="Maximize Browser Window" library="SeleniumLibrary">
<doc>Maximizes current browser window.</doc>
<status status="PASS" starttime="20230724 15:31:00.359" endtime="20230724 15:31:00.476"/>
</kw>
<status status="PASS" starttime="20230724 15:30:57.151" endtime="20230724 15:31:00.477"/>
</kw>
<kw name="Set Selenium Speed" library="SeleniumLibrary">
<arg>0.5</arg>
<doc>Sets the delay that is waited after each Selenium command.</doc>
<status status="PASS" starttime="20230724 15:31:00.478" endtime="20230724 15:31:00.479"/>
</kw>
<kw name="Accept Cokkies" library="common">
<doc>Wait Until Page Contains Accept all 2023
Wait Until Page Contains Accept all</doc>
<kw name="Tolerant Click" library="Web_Apps">
<arg>${ACCEPTC_COOKIES}</arg>
<doc>This tolerant click performs selenium actions
and catches exceptions like: StaleElementReferenceException etc...</doc>
<try>
<branch type="TRY">
<kw name="Click Element" library="SeleniumLibrary">
<arg>${locator}</arg>
<doc>Click the element identified by ``locator``.</doc>
<msg timestamp="20230724 15:31:00.490" level="INFO">Clicking element '(//a[@role='button'][normalize-space()='Accept all'])[1]'.</msg>
<status status="PASS" starttime="20230724 15:31:00.488" endtime="20230724 15:31:01.579"/>
</kw>
<status status="PASS" starttime="20230724 15:31:00.486" endtime="20230724 15:31:01.579"/>
</branch>
<branch type="EXCEPT">
<pattern>StaleElementReferenceException</pattern>
<kw name="Log" library="BuiltIn">
<arg>Expected error '${Exceptions_error}' while clicking the '${locator}' element - ignoring it</arg>
<doc>Logs the given message with the given level.</doc>
<status status="NOT RUN" starttime="20230724 15:31:01.581" endtime="20230724 15:31:01.581"/>
</kw>
<kw name="Click Element" library="SeleniumLibrary">
<arg>${locator}</arg>
<doc>Click the element identified by ``locator``.</doc>
<status status="NOT RUN" starttime="20230724 15:31:01.582" endtime="20230724 15:31:01.582"/>
</kw>
<status status="NOT RUN" starttime="20230724 15:31:01.580" endtime="20230724 15:31:01.583"/>
</branch>
<status status="PASS" starttime="20230724 15:31:00.485" endtime="20230724 15:31:01.583"/>
</try>
<status status="PASS" starttime="20230724 15:31:00.482" endtime="20230724 15:31:01.584"/>
</kw>
<status status="PASS" starttime="20230724 15:31:00.480" endtime="20230724 15:31:01.584"/>
</kw>
<kw name="Navigate To Test Approaches" library="MH_Navigation">
<doc>Navigate To Test Approaches</doc>
<kw name="Wait Until Page Contains Element" library="SeleniumLibrary">
<arg>${NAV_TEST_APPROACHES}</arg>
<doc>Waits until the element ``locator`` appears on the current page.</doc>
<status status="PASS" starttime="20230724 15:31:01.589" endtime="20230724 15:31:02.109"/>
</kw>
<kw name="Tolerant Click" library="Web_Apps">
<arg>${NAV_TEST_APPROACHES}</arg>
<doc>This tolerant click performs selenium actions
and catches exceptions like: StaleElementReferenceException etc...</doc>
<try>
<branch type="TRY">
<kw name="Click Element" library="SeleniumLibrary">
<arg>${locator}</arg>
<doc>Click the element identified by ``locator``.</doc>
<msg timestamp="20230724 15:31:02.121" level="INFO">Clicking element '//a[@href="#"]'.</msg>
<status status="PASS" starttime="20230724 15:31:02.118" endtime="20230724 15:31:03.232"/>
</kw>
<status status="PASS" starttime="20230724 15:31:02.116" endtime="20230724 15:31:03.232"/>
</branch>
<branch type="EXCEPT">
<pattern>StaleElementReferenceException</pattern>
<kw name="Log" library="BuiltIn">
<arg>Expected error '${Exceptions_error}' while clicking the '${locator}' element - ignoring it</arg>
<doc>Logs the given message with the given level.</doc>
<status status="NOT RUN" starttime="20230724 15:31:03.234" endtime="20230724 15:31:03.235"/>
</kw>
<kw name="Click Element" library="SeleniumLibrary">
<arg>${locator}</arg>
<doc>Click the element identified by ``locator``.</doc>
<status status="NOT RUN" starttime="20230724 15:31:03.236" endtime="20230724 15:31:03.236"/>
</kw>
<status status="NOT RUN" starttime="20230724 15:31:03.234" endtime="20230724 15:31:03.237"/>
</branch>
<status status="PASS" starttime="20230724 15:31:02.115" endtime="20230724 15:31:03.237"/>
</try>
<status status="PASS" starttime="20230724 15:31:02.111" endtime="20230724 15:31:03.238"/>
</kw>
<status status="PASS" starttime="20230724 15:31:01.586" endtime="20230724 15:31:03.239"/>
</kw>
<kw name="Search Links By Name" library="MH_Navigation">
<arg>Keyword-Driven Testing</arg>
<doc>Search the specified links by using its name</doc>
<kw name="Set Selenium Speed" library="SeleniumLibrary">
<arg>0.5</arg>
<doc>Sets the delay that is waited after each Selenium command.</doc>
<status status="PASS" starttime="20230724 15:31:03.244" endtime="20230724 15:31:03.246"/>
</kw>
<if>
<branch type="IF" condition="&quot;${link_status}&quot; == &quot;Exploratory Testing&quot;">
<kw name="Page Should Contain" library="SeleniumLibrary">
<arg>Exploratory Testing</arg>
<doc>Verifies that current page contains ``text``.</doc>
<status status="NOT RUN" starttime="20230724 15:31:03.250" endtime="20230724 15:31:03.250"/>
</kw>
<kw name="Sleep" library="BuiltIn">
<arg>5s</arg>
<doc>Pauses the test executed for the given time.</doc>
<status status="NOT RUN" starttime="20230724 15:31:03.251" endtime="20230724 15:31:03.252"/>
</kw>
<kw name="Tolerant Click" library="Web_Apps">
<arg>${NAV_EXPLOTARY_TESTING}</arg>
<doc>This tolerant click performs selenium actions
and catches exceptions like: StaleElementReferenceException etc...</doc>
<status status="NOT RUN" starttime="20230724 15:31:03.253" endtime="20230724 15:31:03.253"/>
</kw>
<kw name="Page Should Contain" library="SeleniumLibrary">
<arg>Exploratory Testing Explained</arg>
<doc>Verifies that current page contains ``text``.</doc>
<status status="NOT RUN" starttime="20230724 15:31:03.254" endtime="20230724 15:31:03.254"/>
</kw>
<status status="NOT RUN" starttime="20230724 15:31:03.248" endtime="20230724 15:31:03.255"/>
</branch>
<branch type="ELSE IF" condition="&quot;${link_status}&quot; == &quot;Data-Driven Testing&quot;">
<kw name="Page Should Contain" library="SeleniumLibrary">
<arg>Data-Driven Testing</arg>
<doc>Verifies that current page contains ``text``.</doc>
<status status="NOT RUN" starttime="20230724 15:31:03.258" endtime="20230724 15:31:03.259"/>
</kw>
<kw name="Sleep" library="BuiltIn">
<arg>4s</arg>
<doc>Pauses the test executed for the given time.</doc>
<status status="NOT RUN" starttime="20230724 15:31:03.260" endtime="20230724 15:31:03.261"/>
</kw>
<kw name="Tolerant Click" library="Web_Apps">
<arg>${NAV_DATA-DRIVEN-TESTING}</arg>
<doc>This tolerant click performs selenium actions
and catches exceptions like: StaleElementReferenceException etc...</doc>
<status status="NOT RUN" starttime="20230724 15:31:03.261" endtime="20230724 15:31:03.262"/>
</kw>
<kw name="Page Should Contain" library="SeleniumLibrary">
<arg>Data-Driven Testing</arg>
<doc>Verifies that current page contains ``text``.</doc>
<status status="NOT RUN" starttime="20230724 15:31:03.263" endtime="20230724 15:31:03.264"/>
</kw>
<status status="NOT RUN" starttime="20230724 15:31:03.257" endtime="20230724 15:31:03.264"/>
</branch>
<branch type="ELSE IF" condition="&quot;${link_status}&quot; == &quot;Keyword-Driven Testing&quot;">
<kw name="Page Should Contain" library="SeleniumLibrary">
<arg>Keyword-Driven Testing</arg>
<doc>Verifies that current page contains ``text``.</doc>
<msg timestamp="20230724 15:31:04.289" level="INFO">Current page contains text 'Keyword-Driven Testing'.</msg>
<status status="PASS" starttime="20230724 15:31:03.266" endtime="20230724 15:31:04.289"/>
</kw>
<kw name="Sleep" library="BuiltIn">
<arg>4s</arg>
<doc>Pauses the test executed for the given time.</doc>
<msg timestamp="20230724 15:31:08.293" level="INFO">Slept 4 seconds</msg>
<status status="PASS" starttime="20230724 15:31:04.291" endtime="20230724 15:31:08.294"/>
</kw>
<kw name="Tolerant Click" library="Web_Apps">
<arg>${NAV_KEYWORD-DRIVENTESTING}</arg>
<doc>This tolerant click performs selenium actions
and catches exceptions like: StaleElementReferenceException etc...</doc>
<try>
<branch type="TRY">
<kw name="Click Element" library="SeleniumLibrary">
<arg>${locator}</arg>
<doc>Click the element identified by ``locator``.</doc>
<msg timestamp="20230724 15:31:08.299" level="INFO">Clicking element '//header/nav[1]/div[1]/div[1]/ul[1]/li[2]/ul[1]/li[3]/a[1]'.</msg>
<status status="PASS" starttime="20230724 15:31:08.298" endtime="20230724 15:31:09.980"/>
</kw>
<status status="PASS" starttime="20230724 15:31:08.296" endtime="20230724 15:31:09.980"/>
</branch>
<branch type="EXCEPT">
<pattern>StaleElementReferenceException</pattern>
<kw name="Log" library="BuiltIn">
<arg>Expected error '${Exceptions_error}' while clicking the '${locator}' element - ignoring it</arg>
<doc>Logs the given message with the given level.</doc>
<status status="NOT RUN" starttime="20230724 15:31:09.983" endtime="20230724 15:31:09.983"/>
</kw>
<kw name="Click Element" library="SeleniumLibrary">
<arg>${locator}</arg>
<doc>Click the element identified by ``locator``.</doc>
<status status="NOT RUN" starttime="20230724 15:31:09.984" endtime="20230724 15:31:09.985"/>
</kw>
<status status="NOT RUN" starttime="20230724 15:31:09.982" endtime="20230724 15:31:09.985"/>
</branch>
<status status="PASS" starttime="20230724 15:31:08.296" endtime="20230724 15:31:09.987"/>
</try>
<status status="PASS" starttime="20230724 15:31:08.294" endtime="20230724 15:31:09.987"/>
</kw>
<kw name="Page Should Contain" library="SeleniumLibrary">
<arg>Keyword-Driven Testing</arg>
<doc>Verifies that current page contains ``text``.</doc>
<msg timestamp="20230724 15:31:11.034" level="INFO">Current page contains text 'Keyword-Driven Testing'.</msg>
<status status="PASS" starttime="20230724 15:31:09.987" endtime="20230724 15:31:11.035"/>
</kw>
<status status="PASS" starttime="20230724 15:31:03.265" endtime="20230724 15:31:11.037"/>
</branch>
<status status="PASS" starttime="20230724 15:31:03.247" endtime="20230724 15:31:11.038"/>
</if>
<status status="PASS" starttime="20230724 15:31:03.241" endtime="20230724 15:31:11.040"/>
</kw>
<doc>Checks if the test approaches works</doc>
<tag>exploratory</tag>
<tag>MH_TC01</tag>
<status status="PASS" starttime="20230724 15:30:57.146" endtime="20230724 15:31:11.044"/>
</test>
<doc>Login In ...</doc>
<status status="PASS" starttime="20230724 15:30:56.060" endtime="20230724 15:31:11.054"/>
</suite>
<statistics>
<total>
<stat pass="1" fail="0" skip="0">All Tests</stat>
</total>
<tag>
<stat pass="1" fail="0" skip="0">exploratory</stat>
<stat pass="1" fail="0" skip="0">MH_TC01</stat>
</tag>
<suite>
<stat pass="1" fail="0" skip="0" id="s1" name="P1 TO01 MH Tests">P1 TO01 MH Tests</stat>
</suite>
</statistics>
<errors>
</errors>
</robot>
