<?xml version="1.0" encoding="UTF-8"?>
<robot generator="Robot 5.0.1 (Python 3.11.0 on win32)" generated="20230719 13:12:18.013" rpa="false" schemaversion="3">
<suite id="s1" name="First Project IMBUS" source="C:\Users\arber\Desktop\Imbus-Project\First_Project_IMBUS">
<suite id="s1-s1" name="TestCases" source="C:\Users\arber\Desktop\Imbus-Project\First_Project_IMBUS\TestCases">
<suite id="s1-s1-s1" name="suiteA" source="C:\Users\arber\Desktop\Imbus-Project\First_Project_IMBUS\TestCases\suiteA.robot">
<test id="s1-s1-s1-t1" name="TC_01" line="13">
<kw name="Open Web Browser" library="common_Second" type="SETUP">
<doc>Opens a new browser instance and maximizes the window</doc>
<kw name="Create Dictionary" library="BuiltIn">
<var>&amp;{browser args}</var>
<doc>Creates and returns a dictionary based on the given ``items``.</doc>
<msg timestamp="20230719 13:12:18.414" level="INFO">&amp;{browser args} = { }</msg>
<status status="PASS" starttime="20230719 13:12:18.413" endtime="20230719 13:12:18.414"/>
</kw>
<if>
<branch type="IF" condition="&quot;${browser_type}&quot; == &quot;headlesschrome&quot;">
<kw name="Set To Dictionary" library="Collections">
<arg>${browser args}</arg>
<arg>options=${HEADLESS CHROME OPTIONS}</arg>
<doc>Adds the given ``key_value_pairs`` and ``items`` to the ``dictionary``.</doc>
<status status="NOT RUN" starttime="20230719 13:12:18.414" endtime="20230719 13:12:18.414"/>
</kw>
<status status="NOT RUN" starttime="20230719 13:12:18.414" endtime="20230719 13:12:18.414"/>
</branch>
<status status="PASS" starttime="20230719 13:12:18.414" endtime="20230719 13:12:18.414"/>
</if>
<kw name="Open Browser" library="SeleniumLibrary">
<arg>${URL}</arg>
<arg>${browser type}</arg>
<arg>&amp;{browser args}</arg>
<doc>Opens a new browser instance to the optional ``url``.</doc>
<msg timestamp="20230719 13:12:18.415" level="INFO">Opening browser 'chrome' to base url 'https://www.testbench.com/'.</msg>
<status status="PASS" starttime="20230719 13:12:18.414" endtime="20230719 13:12:21.582"/>
</kw>
<kw name="Maximize Browser Window" library="SeleniumLibrary">
<doc>Maximizes current browser window.</doc>
<status status="PASS" starttime="20230719 13:12:21.583" endtime="20230719 13:12:21.695"/>
</kw>
<status status="PASS" starttime="20230719 13:12:18.413" endtime="20230719 13:12:21.696"/>
</kw>
<kw name="Wait Until Page Contains" library="SeleniumLibrary">
<arg>Accept all</arg>
<doc>Waits until ``text`` appears on the current page.</doc>
<status status="PASS" starttime="20230719 13:12:21.696" endtime="20230719 13:12:21.718"/>
</kw>
<kw name="Sleep" library="BuiltIn">
<arg>5s</arg>
<doc>Pauses the test executed for the given time.</doc>
<msg timestamp="20230719 13:12:26.718" level="INFO">Slept 5 seconds</msg>
<status status="PASS" starttime="20230719 13:12:21.718" endtime="20230719 13:12:26.718"/>
</kw>
<kw name="Close Browser" library="SeleniumLibrary" type="TEARDOWN">
<doc>Closes the current browser.</doc>
<status status="PASS" starttime="20230719 13:12:26.718" endtime="20230719 13:12:28.912"/>
</kw>
<doc>Test</doc>
<tag>TC_01</tag>
<status status="PASS" starttime="20230719 13:12:18.412" endtime="20230719 13:12:28.913"/>
</test>
<doc>...</doc>
<status status="PASS" starttime="20230719 13:12:18.040" endtime="20230719 13:12:28.919"/>
</suite>
<status status="PASS" starttime="20230719 13:12:18.037" endtime="20230719 13:12:28.928"/>
</suite>
<status status="PASS" starttime="20230719 13:12:18.015" endtime="20230719 13:12:28.934"/>
</suite>
<statistics>
<total>
<stat pass="1" fail="0" skip="0">All Tests</stat>
</total>
<tag>
<stat pass="1" fail="0" skip="0">TC_01</stat>
</tag>
<suite>
<stat pass="1" fail="0" skip="0" id="s1" name="First Project IMBUS">First Project IMBUS</stat>
<stat pass="1" fail="0" skip="0" id="s1-s1" name="TestCases">First Project IMBUS.TestCases</stat>
<stat pass="1" fail="0" skip="0" id="s1-s1-s1" name="suiteA">First Project IMBUS.TestCases.suiteA</stat>
</suite>
</statistics>
<errors>
</errors>
</robot>
