<?xml version="1.0" encoding="UTF-8"?>
<robot generator="Robot 4.1.3 (Python 3.10.2 on win32)" generated="20230718 09:46:48.960" rpa="false" schemaversion="2">
<suite id="s1" name="suiteB" source="c:\Users\edis\Desktop\Folder_1\First_Project_IMBUS\TestCases\suiteB.robot">
<test id="s1-t1" name="TC_01-----Test">
<kw name="Open Web Browser" library="common_Second" type="SETUP">
<doc>Opens a new browser instance and maximizes the window</doc>
<kw name="Create Dictionary" library="BuiltIn">
<var>&amp;{browser args}</var>
<doc>Creates and returns a dictionary based on the given ``items``.</doc>
<msg timestamp="20230718 09:46:49.528" level="INFO">&amp;{browser args} = { }</msg>
<status status="PASS" starttime="20230718 09:46:49.527" endtime="20230718 09:46:49.531"/>
</kw>
<if>
<branch type="IF" condition="&quot;${browser_type}&quot; == &quot;headlesschrome&quot;">
<kw name="Set To Dictionary" library="Collections">
<arg>${browser args}</arg>
<arg>options=${HEADLESS CHROME OPTIONS}</arg>
<doc>Adds the given ``key_value_pairs`` and ``items`` to the ``dictionary``.</doc>
<status status="NOT RUN" starttime="20230718 09:46:49.532" endtime="20230718 09:46:49.532"/>
</kw>
<status status="NOT RUN" starttime="20230718 09:46:49.531" endtime="20230718 09:46:49.532"/>
</branch>
<status status="PASS" starttime="20230718 09:46:49.531" endtime="20230718 09:46:49.532"/>
</if>
<kw name="Open Browser" library="SeleniumLibrary">
<arg>${URL}</arg>
<arg>${browser type}</arg>
<arg>&amp;{browser args}</arg>
<doc>Opens a new browser instance to the optional ``url``.</doc>
<msg timestamp="20230718 09:46:49.533" level="INFO">Opening browser 'chrome' to base url 'https://www.testbench.com/'.</msg>
<status status="PASS" starttime="20230718 09:46:49.532" endtime="20230718 09:46:53.097"/>
</kw>
<kw name="Maximize Browser Window" library="SeleniumLibrary">
<doc>Maximizes current browser window.</doc>
<status status="PASS" starttime="20230718 09:46:53.098" endtime="20230718 09:46:53.247"/>
</kw>
<status status="PASS" starttime="20230718 09:46:49.526" endtime="20230718 09:46:53.248"/>
</kw>
<kw name="Wait Until Page Contains" library="SeleniumLibrary">
<arg>Accept all</arg>
<doc>Waits until ``text`` appears on the current page.</doc>
<status status="PASS" starttime="20230718 09:46:53.250" endtime="20230718 09:46:53.319"/>
</kw>
<kw name="Sleep" library="BuiltIn">
<arg>5s</arg>
<doc>Pauses the test executed for the given time.</doc>
<msg timestamp="20230718 09:46:58.321" level="INFO">Slept 5 seconds</msg>
<status status="PASS" starttime="20230718 09:46:53.320" endtime="20230718 09:46:58.322"/>
</kw>
<kw name="Close Browser" library="SeleniumLibrary" type="TEARDOWN">
<doc>Closes the current browser.</doc>
<status status="PASS" starttime="20230718 09:46:58.323" endtime="20230718 09:47:01.753"/>
</kw>
<doc>Test</doc>
<status status="PASS" starttime="20230718 09:46:49.525" endtime="20230718 09:47:01.756"/>
</test>
<doc>.....</doc>
<status status="PASS" starttime="20230718 09:46:48.967" endtime="20230718 09:47:01.765"/>
</suite>
<statistics>
<total>
<stat pass="1" fail="0" skip="0">All Tests</stat>
</total>
<tag>
</tag>
<suite>
<stat pass="1" fail="0" skip="0" id="s1" name="suiteB">suiteB</stat>
</suite>
</statistics>
<errors>
</errors>
</robot>
