<?xml version="1.0" encoding="UTF-8"?>
<robot generator="Robot 4.1.3 (Python 3.10.2 on win32)" generated="20230710 13:50:37.689" rpa="false" schemaversion="2">
<suite id="s1" name="suiteB" source="c:\Users\edis\Desktop\New_IMB_Project\TestCases\suiteB.robot">
<test id="s1-t1" name="TC_TO01_suiteB">
<kw name="Open Browser" library="SeleniumLibrary">
<arg>${URL}</arg>
<arg>${BROWSER}</arg>
<doc>Opens a new browser instance to the optional ``url``.</doc>
<msg timestamp="20230710 13:50:38.221" level="INFO">Opening browser 'chrome' to base url 'https://www.imbus.de/en/'.</msg>
<status status="PASS" starttime="20230710 13:50:38.220" endtime="20230710 13:50:41.698"/>
</kw>
<kw name="Maximize Browser Window" library="SeleniumLibrary">
<doc>Maximizes current browser window.</doc>
<status status="PASS" starttime="20230710 13:50:41.703" endtime="20230710 13:50:41.869"/>
</kw>
<kw name="Allow All Cookies" library="common">
<doc>This keyword is to accept all Cookies</doc>
<kw name="Wait Until Page Contains Element" library="SeleniumLibrary">
<arg>${BTN_ALLOW_ALL COOKIES}</arg>
<doc>Waits until the element ``locator`` appears on the current page.</doc>
<status status="PASS" starttime="20230710 13:50:41.872" endtime="20230710 13:50:42.053"/>
</kw>
<kw name="Click Element" library="SeleniumLibrary">
<arg>${BTN_ALLOW_ALL COOKIES}</arg>
<doc>Click the element identified by ``locator``.</doc>
<msg timestamp="20230710 13:50:42.054" level="INFO">Clicking element '//a[contains(text(), 'allow all cookies')]'.</msg>
<status status="PASS" starttime="20230710 13:50:42.054" endtime="20230710 13:50:42.644"/>
</kw>
<status status="PASS" starttime="20230710 13:50:41.871" endtime="20230710 13:50:42.645"/>
</kw>
<kw name="Search In Search Navigation" library="common">
<arg>Mobile</arg>
<doc>In this keyword we navigate to Search..</doc>
<kw name="Wait Until Page Contains Element" library="SeleniumLibrary">
<arg>${BTN_SEARCH}</arg>
<doc>Waits until the element ``locator`` appears on the current page.</doc>
<status status="PASS" starttime="20230710 13:50:42.647" endtime="20230710 13:50:42.664"/>
</kw>
<kw name="Click Element" library="SeleniumLibrary">
<arg>${BTN_SEARCH}</arg>
<doc>Click the element identified by ``locator``.</doc>
<msg timestamp="20230710 13:50:42.665" level="INFO">Clicking element '(//span[contains(text(), 'Suche')])[2]'.</msg>
<status status="PASS" starttime="20230710 13:50:42.665" endtime="20230710 13:50:42.756"/>
</kw>
<kw name="Input Text" library="SeleniumLibrary">
<arg>${SEARCH_FORM_2}</arg>
<arg>${Search_navigation}</arg>
<doc>Types the given ``text`` into the text field identified by ``locator``.</doc>
<msg timestamp="20230710 13:50:42.760" level="INFO">Typing text 'Mobile' into text field '//input[contains(@placeholder, 'at least 4 characters')]'.</msg>
<status status="PASS" starttime="20230710 13:50:42.757" endtime="20230710 13:50:43.102"/>
</kw>
<kw name="Press Keys" library="SeleniumLibrary">
<arg>${SEARCH_FORM_2}</arg>
<arg>ENTER</arg>
<doc>Simulates the user pressing key(s) to an element or on the active browser.</doc>
<msg timestamp="20230710 13:50:43.103" level="INFO">Sending key(s) ('ENTER',) to //input[contains(@placeholder, 'at least 4 characters')] element.</msg>
<msg timestamp="20230710 13:50:43.399" level="INFO">Pressing special key ENTER to element.</msg>
<msg timestamp="20230710 13:50:43.400" level="INFO">Releasing special key ENTER.</msg>
<status status="PASS" starttime="20230710 13:50:43.102" endtime="20230710 13:50:44.321"/>
</kw>
<status status="PASS" starttime="20230710 13:50:42.646" endtime="20230710 13:50:44.321"/>
</kw>
<kw name="Reset And Search Results" library="common">
<arg>Mobile</arg>
<doc>This keyword reset Search Results</doc>
<kw name="Wait Until Keyword Succeeds" library="BuiltIn">
<arg>5x</arg>
<arg>2s</arg>
<arg>Scroll Element Into View</arg>
<arg>${BTN_RESET}</arg>
<doc>Runs the specified keyword and retries if it fails.</doc>
<kw name="Scroll Element Into View" library="SeleniumLibrary">
<arg>${BTN_RESET}</arg>
<doc>Scrolls the element identified by ``locator`` into view.</doc>
<status status="PASS" starttime="20230710 13:50:44.327" endtime="20230710 13:50:44.703"/>
</kw>
<status status="PASS" starttime="20230710 13:50:44.325" endtime="20230710 13:50:44.704"/>
</kw>
<kw name="Click Element" library="SeleniumLibrary">
<arg>${BTN_RESET}</arg>
<doc>Click the element identified by ``locator``.</doc>
<msg timestamp="20230710 13:50:44.707" level="INFO">Clicking element '//span[contains(text(), 'Reset')]'.</msg>
<status status="PASS" starttime="20230710 13:50:44.705" endtime="20230710 13:50:45.170"/>
</kw>
<kw name="Input Text" library="SeleniumLibrary">
<arg>${SEARCH_FORM_1}</arg>
<arg>${Search}</arg>
<doc>Types the given ``text`` into the text field identified by ``locator``.</doc>
<msg timestamp="20230710 13:50:45.171" level="INFO">Typing text 'Mobile' into text field '//input[contains(@id, 'ke_search_sword')]'.</msg>
<status status="PASS" starttime="20230710 13:50:45.171" endtime="20230710 13:50:45.289"/>
</kw>
<kw name="Click Element" library="SeleniumLibrary">
<arg>${BTN_FIND}</arg>
<doc>Click the element identified by ``locator``.</doc>
<msg timestamp="20230710 13:50:45.290" level="INFO">Clicking element '//input[contains(@value, 'Find')]'.</msg>
<status status="PASS" starttime="20230710 13:50:45.289" endtime="20230710 13:50:45.607"/>
</kw>
<status status="PASS" starttime="20230710 13:50:44.324" endtime="20230710 13:50:45.608"/>
</kw>
<kw name="Navigate To Mobile Testing" library="common_Navigate">
<doc>This Keyword is to navigate to Mobile Testing</doc>
<kw name="Wait Until Keyword Succeeds" library="BuiltIn">
<arg>5x</arg>
<arg>2s</arg>
<arg>Scroll Element Into View</arg>
<arg>${LINK_MOBILE_TESTING}</arg>
<doc>Runs the specified keyword and retries if it fails.</doc>
<kw name="Scroll Element Into View" library="SeleniumLibrary">
<arg>${LINK_MOBILE_TESTING}</arg>
<doc>Scrolls the element identified by ``locator`` into view.</doc>
<status status="PASS" starttime="20230710 13:50:45.619" endtime="20230710 13:50:46.065"/>
</kw>
<status status="PASS" starttime="20230710 13:50:45.617" endtime="20230710 13:50:46.066"/>
</kw>
<kw name="Click Element" library="SeleniumLibrary">
<arg>${LINK_MOBILE_TESTING}</arg>
<doc>Click the element identified by ``locator``.</doc>
<msg timestamp="20230710 13:50:46.069" level="INFO">Clicking element '(//span[contains(text(), 'Mobile')])[2]'.</msg>
<status status="PASS" starttime="20230710 13:50:46.067" endtime="20230710 13:50:46.552"/>
</kw>
<kw name="Wait Until Keyword Succeeds" library="BuiltIn">
<arg>5x</arg>
<arg>2s</arg>
<arg>Scroll Element Into View</arg>
<arg>(//img[contains(@class, 'image-embed-item')])[4]</arg>
<doc>Runs the specified keyword and retries if it fails.</doc>
<kw name="Scroll Element Into View" library="SeleniumLibrary">
<arg>(//img[contains(@class, 'image-embed-item')])[4]</arg>
<doc>Scrolls the element identified by ``locator`` into view.</doc>
<status status="PASS" starttime="20230710 13:50:46.554" endtime="20230710 13:50:46.886"/>
</kw>
<status status="PASS" starttime="20230710 13:50:46.553" endtime="20230710 13:50:46.887"/>
</kw>
<kw name="Sleep" library="BuiltIn">
<arg>1s</arg>
<doc>Pauses the test executed for the given time.</doc>
<msg timestamp="20230710 13:50:47.895" level="INFO">Slept 1 second</msg>
<status status="PASS" starttime="20230710 13:50:46.887" endtime="20230710 13:50:47.897"/>
</kw>
<kw name="Click Element" library="SeleniumLibrary">
<arg>(//img[contains(@class, 'image-embed-item')])[4]</arg>
<doc>Click the element identified by ``locator``.</doc>
<msg timestamp="20230710 13:50:47.899" level="INFO">Clicking element '(//img[contains(@class, 'image-embed-item')])[4]'.</msg>
<status status="PASS" starttime="20230710 13:50:47.898" endtime="20230710 13:50:48.191"/>
</kw>
<status status="PASS" starttime="20230710 13:50:45.616" endtime="20230710 13:50:48.192"/>
</kw>
<kw name="Press Tab Key" library="test">
<status status="PASS" starttime="20230710 13:50:48.198" endtime="20230710 13:50:48.638"/>
</kw>
<kw name="Close Browser" library="SeleniumLibrary" type="TEARDOWN">
<doc>Closes the current browser.</doc>
<status status="PASS" starttime="20230710 13:50:48.640" endtime="20230710 13:50:50.989"/>
</kw>
<doc>This Test Case is to Check And Run Robot Framework Scripts</doc>
<tag>tc_to01_b</tag>
<status status="PASS" starttime="20230710 13:50:38.218" endtime="20230710 13:50:50.991"/>
</test>
<doc>...</doc>
<status status="PASS" starttime="20230710 13:50:37.697" endtime="20230710 13:50:50.998"/>
</suite>
<statistics>
<total>
<stat pass="1" fail="0" skip="0">All Tests</stat>
</total>
<tag>
<stat pass="1" fail="0" skip="0">tc_to01_b</stat>
</tag>
<suite>
<stat pass="1" fail="0" skip="0" id="s1" name="suiteB">suiteB</stat>
</suite>
</statistics>
<errors>
</errors>
</robot>
