<?xml version="1.0" encoding="UTF-8"?>
<robot generator="Robot 4.1.3 (Python 3.10.2 on win32)" generated="20230710 10:57:54.831" rpa="false" schemaversion="2">
<suite id="s1" name="Suites">
<suite id="s1-s1" name="P01 SA 01 Tests" source="C:\Users\edis\Desktop\New_IMB_Project\Performance\P01_SA_01_Tests.robot">
<test id="s1-s1-t1" name="TC_TO01_suiteA">
<kw name="Open Browser" library="SeleniumLibrary">
<arg>${URL}</arg>
<arg>${BROWSER}</arg>
<doc>Opens a new browser instance to the optional ``url``.</doc>
<msg timestamp="20230710 10:57:55.833" level="INFO">Opening browser 'chrome' to base url 'https://www.imbus.de/en/'.</msg>
<status status="PASS" starttime="20230710 10:57:55.832" endtime="20230710 10:58:03.008"/>
</kw>
<kw name="Maximize Browser Window" library="SeleniumLibrary">
<doc>Maximizes current browser window.</doc>
<status status="PASS" starttime="20230710 10:58:03.008" endtime="20230710 10:58:03.274"/>
</kw>
<kw name="Allow All Cookies" library="common">
<doc>This keyword is to accept all Cookies</doc>
<kw name="Wait Until Page Contains Element" library="SeleniumLibrary">
<arg>${BTN_ALLOW_ALL COOKIES}</arg>
<doc>Waits until the element ``locator`` appears on the current page.</doc>
<status status="PASS" starttime="20230710 10:58:03.276" endtime="20230710 10:58:03.633"/>
</kw>
<kw name="Click Element" library="SeleniumLibrary">
<arg>${BTN_ALLOW_ALL COOKIES}</arg>
<doc>Click the element identified by ``locator``.</doc>
<msg timestamp="20230710 10:58:03.635" level="INFO">Clicking element '//a[contains(text(), 'allow all cookies')]'.</msg>
<status status="PASS" starttime="20230710 10:58:03.634" endtime="20230710 10:58:05.088"/>
</kw>
<status status="PASS" starttime="20230710 10:58:03.275" endtime="20230710 10:58:05.089"/>
</kw>
<kw name="Navigate To Software Testing" library="common_Navigate">
<doc>This keyword is to navigate to Software Testing</doc>
<kw name="Mouse Over" library="SeleniumLibrary">
<arg>${LINK_SOFTWARE_TESTING}</arg>
<doc>Simulates hovering the mouse over the element ``locator``.</doc>
<msg timestamp="20230710 10:58:05.091" level="INFO">Simulating Mouse Over on element '(//a[contains(@title, 'Software Testing')])[1]'.</msg>
<status status="PASS" starttime="20230710 10:58:05.090" endtime="20230710 10:58:06.063"/>
</kw>
<status status="PASS" starttime="20230710 10:58:05.089" endtime="20230710 10:58:06.064"/>
</kw>
<kw name="Navigate To Test Automation [Software Testing]" library="common_Navigate">
<doc>This keyword is to navigate to Test Automation</doc>
<kw name="Mouse Over" library="SeleniumLibrary">
<arg>${LINK_TEST_AUTOMATION}</arg>
<doc>Simulates hovering the mouse over the element ``locator``.</doc>
<msg timestamp="20230710 10:58:06.066" level="INFO">Simulating Mouse Over on element '(//a[contains(text(), 'Test Automation')])[1]'.</msg>
<status status="PASS" starttime="20230710 10:58:06.065" endtime="20230710 10:58:06.788"/>
</kw>
<status status="PASS" starttime="20230710 10:58:06.064" endtime="20230710 10:58:06.788"/>
</kw>
<kw name="Navigate To Test Automation With Robot Framework [Test Automation]" library="common_Navigate">
<doc>This keyword is to navigate to Test Automation With Robot Framework</doc>
<kw name="Click Element" library="SeleniumLibrary">
<arg>${LINK_TEST_AUTOMATION_WITH_RBFW}</arg>
<doc>Click the element identified by ``locator``.</doc>
<msg timestamp="20230710 10:58:06.790" level="INFO">Clicking element '//a[contains(text(), 'Testautomation with Robot Framework')]'.</msg>
<status status="PASS" starttime="20230710 10:58:06.789" endtime="20230710 10:58:07.878"/>
</kw>
<status status="PASS" starttime="20230710 10:58:06.789" endtime="20230710 10:58:07.879"/>
</kw>
<kw name="Navigate To Robot Framework" library="common_Navigate">
<doc>This keyword is to navigate to Robot Framework</doc>
<kw name="Wait Until Keyword Succeeds" library="BuiltIn">
<arg>5x</arg>
<arg>2s</arg>
<arg>Scroll Element Into View</arg>
<arg>${LINK_ROBOT_FRAMEWORK}</arg>
<doc>Runs the specified keyword and retries if it fails.</doc>
<kw name="Scroll Element Into View" library="SeleniumLibrary">
<arg>${LINK_ROBOT_FRAMEWORK}</arg>
<doc>Scrolls the element identified by ``locator`` into view.</doc>
<status status="PASS" starttime="20230710 10:58:07.881" endtime="20230710 10:58:08.224"/>
</kw>
<status status="PASS" starttime="20230710 10:58:07.880" endtime="20230710 10:58:08.224"/>
</kw>
<kw name="Click Element" library="SeleniumLibrary">
<arg>${LINK_ROBOT_FRAMEWORK}</arg>
<doc>Click the element identified by ``locator``.</doc>
<msg timestamp="20230710 10:58:08.226" level="INFO">Clicking element '//img[contains(@src,'Robot-framework')]'.</msg>
<status status="PASS" starttime="20230710 10:58:08.225" endtime="20230710 10:58:12.298"/>
</kw>
<status status="PASS" starttime="20230710 10:58:07.879" endtime="20230710 10:58:12.299"/>
</kw>
<kw name="Run Robot Framework Scripts" library="common">
<doc>This keyword is to Run Robot Framework Scripts</doc>
<kw name="Wait Until Keyword Succeeds" library="BuiltIn">
<arg>5x</arg>
<arg>2s</arg>
<arg>Scroll Element Into View</arg>
<arg>${BTN_RUN}</arg>
<doc>Runs the specified keyword and retries if it fails.</doc>
<kw name="Scroll Element Into View" library="SeleniumLibrary">
<arg>${BTN_RUN}</arg>
<doc>Scrolls the element identified by ``locator`` into view.</doc>
<msg timestamp="20230710 10:58:12.977" level="INFO" html="true">&lt;/td&gt;&lt;/tr&gt;&lt;tr&gt;&lt;td colspan="3"&gt;&lt;a href="selenium-screenshot-1.png"&gt;&lt;img src="selenium-screenshot-1.png" width="800px"&gt;&lt;/a&gt;</msg>
<msg timestamp="20230710 10:58:12.983" level="FAIL">Element with locator '//button[contains(@class, 'theme flex middle bling')]' not found.</msg>
<status status="FAIL" starttime="20230710 10:58:12.302" endtime="20230710 10:58:12.983"/>
</kw>
<kw name="Scroll Element Into View" library="SeleniumLibrary">
<arg>${BTN_RUN}</arg>
<doc>Scrolls the element identified by ``locator`` into view.</doc>
<status status="PASS" starttime="20230710 10:58:15.022" endtime="20230710 10:58:16.505"/>
</kw>
<status status="PASS" starttime="20230710 10:58:12.301" endtime="20230710 10:58:16.506"/>
</kw>
<kw name="Click Button" library="SeleniumLibrary">
<arg>${BTN_RUN}</arg>
<doc>Clicks the button identified by ``locator``.</doc>
<msg timestamp="20230710 10:58:16.509" level="INFO">Clicking button '//button[contains(@class, 'theme flex middle bling')]'.</msg>
<status status="PASS" starttime="20230710 10:58:16.506" endtime="20230710 10:58:16.785"/>
</kw>
<kw name="Wait Until Page Contains Element" library="SeleniumLibrary">
<arg>${BTN_NEXT_2_EXAMPLE}</arg>
<arg>60</arg>
<doc>Waits until the element ``locator`` appears on the current page.</doc>
<status status="PASS" starttime="20230710 10:58:16.786" endtime="20230710 10:58:31.955"/>
</kw>
<kw name="Click Button" library="SeleniumLibrary">
<arg>${BTN_NEXT_2_EXAMPLE}</arg>
<doc>Clicks the button identified by ``locator``.</doc>
<msg timestamp="20230710 10:58:31.956" level="INFO">Clicking button '//button[contains(text(), ' next: Simple Example 2')]'.</msg>
<status status="PASS" starttime="20230710 10:58:31.955" endtime="20230710 10:58:32.080"/>
</kw>
<kw name="Wait Until Keyword Succeeds" library="BuiltIn">
<arg>5x</arg>
<arg>2s</arg>
<arg>Scroll Element Into View</arg>
<arg>${TITLE_ROLL-OUT}</arg>
<doc>Runs the specified keyword and retries if it fails.</doc>
<kw name="Scroll Element Into View" library="SeleniumLibrary">
<arg>${TITLE_ROLL-OUT}</arg>
<doc>Scrolls the element identified by ``locator`` into view.</doc>
<msg timestamp="20230710 10:58:32.406" level="INFO" html="true">&lt;/td&gt;&lt;/tr&gt;&lt;tr&gt;&lt;td colspan="3"&gt;&lt;a href="selenium-screenshot-2.png"&gt;&lt;img src="selenium-screenshot-2.png" width="800px"&gt;&lt;/a&gt;</msg>
<msg timestamp="20230710 10:58:32.410" level="FAIL">Element with locator '//button//div[contains(text(), 'Run')]' not found.</msg>
<status status="FAIL" starttime="20230710 10:58:32.082" endtime="20230710 10:58:32.410"/>
</kw>
<kw name="Scroll Element Into View" library="SeleniumLibrary">
<arg>${TITLE_ROLL-OUT}</arg>
<doc>Scrolls the element identified by ``locator`` into view.</doc>
<status status="PASS" starttime="20230710 10:58:34.412" endtime="20230710 10:58:34.721"/>
</kw>
<status status="PASS" starttime="20230710 10:58:32.081" endtime="20230710 10:58:34.721"/>
</kw>
<kw name="Click Button" library="SeleniumLibrary">
<arg>${BTN_RUN}</arg>
<doc>Clicks the button identified by ``locator``.</doc>
<msg timestamp="20230710 10:58:34.722" level="INFO">Clicking button '//button[contains(@class, 'theme flex middle bling')]'.</msg>
<status status="PASS" starttime="20230710 10:58:34.721" endtime="20230710 10:58:34.870"/>
</kw>
<kw name="Wait Until Page Contains Element" library="SeleniumLibrary">
<arg>${BTN_ADVANCED_EXAMPLE}</arg>
<arg>120</arg>
<doc>Waits until the element ``locator`` appears on the current page.</doc>
<status status="PASS" starttime="20230710 10:58:34.871" endtime="20230710 10:58:40.377"/>
</kw>
<kw name="Click Button" library="SeleniumLibrary">
<arg>${BTN_ADVANCED_EXAMPLE}</arg>
<doc>Clicks the button identified by ``locator``.</doc>
<msg timestamp="20230710 10:58:40.378" level="INFO">Clicking button '//button[contains(text(), ' next: Advanced Example')]'.</msg>
<status status="PASS" starttime="20230710 10:58:40.377" endtime="20230710 10:58:40.544"/>
</kw>
<kw name="Wait Until Page Contains Element" library="SeleniumLibrary">
<arg>${BTN_RUN}</arg>
<doc>Waits until the element ``locator`` appears on the current page.</doc>
<status status="PASS" starttime="20230710 10:58:40.545" endtime="20230710 10:58:41.079"/>
</kw>
<kw name="Click Button" library="SeleniumLibrary">
<arg>${BTN_RUN}</arg>
<doc>Clicks the button identified by ``locator``.</doc>
<msg timestamp="20230710 10:58:41.080" level="INFO">Clicking button '//button[contains(@class, 'theme flex middle bling')]'.</msg>
<status status="PASS" starttime="20230710 10:58:41.079" endtime="20230710 10:58:41.441"/>
</kw>
<kw name="Wait Until Element Is Visible" library="SeleniumLibrary">
<arg>${BTN_NEXT_BDD_EXAMPLE}</arg>
<doc>Waits until the element ``locator`` is visible.</doc>
<msg timestamp="20230710 10:58:47.053" level="INFO" html="true">&lt;/td&gt;&lt;/tr&gt;&lt;tr&gt;&lt;td colspan="3"&gt;&lt;a href="selenium-screenshot-3.png"&gt;&lt;img src="selenium-screenshot-3.png" width="800px"&gt;&lt;/a&gt;</msg>
<msg timestamp="20230710 10:58:47.056" level="FAIL">Element '//button[contains(text(), ' next: BDD-Example')]' not visible after 5 seconds.</msg>
<status status="FAIL" starttime="20230710 10:58:41.442" endtime="20230710 10:58:47.056"/>
</kw>
<status status="FAIL" starttime="20230710 10:58:12.300" endtime="20230710 10:58:47.058"/>
</kw>
<kw name="Close Browser" library="SeleniumLibrary" type="TEARDOWN">
<doc>Closes the current browser.</doc>
<status status="PASS" starttime="20230710 10:58:47.059" endtime="20230710 10:58:50.429"/>
</kw>
<doc>This Test Case is to Check And Run Robot Framework Scripts</doc>
<tag>tc_to01_a</tag>
<status status="FAIL" starttime="20230710 10:57:55.830" endtime="20230710 10:58:50.429">Element '//button[contains(text(), ' next: BDD-Example')]' not visible after 5 seconds.</status>
</test>
<doc>...</doc>
<status status="FAIL" starttime="20230710 10:57:54.896" endtime="20230710 10:58:50.481"/>
</suite>
<status status="FAIL" starttime="20230710 10:57:54.851" endtime="20230710 10:58:50.485"/>
</suite>
<statistics>
<total>
<stat pass="0" fail="1" skip="0">All Tests</stat>
</total>
<tag>
<stat pass="0" fail="1" skip="0">tc_to01_a</stat>
</tag>
<suite>
<stat pass="0" fail="1" skip="0" id="s1" name="Suites">Suites</stat>
<stat pass="0" fail="1" skip="0" id="s1-s1" name="P01 SA 01 Tests">Suites.P01 SA 01 Tests</stat>
</suite>
</statistics>
<errors>
<msg timestamp="20230710 10:57:55.826" level="ERROR">Error in file 'C:\Users\edis\Desktop\New_IMB_Project\Resources\common.resource' on line 9: Invalid resource file extension '.py'. Supported extensions are '.resource', '.robot', '.txt', '.tsv', '.rst' and '.rest'.</msg>
</errors>
</robot>
